0    ERROR .web.servlet.DispatcherServlet initServletBean -Context initialization failed
org.springframework.beans.factory.BeanDefinitionStoreException: Unexpected exception parsing XML document from ServletContext resource [/WEB-INF/qinweb-servlet.xml]; nested exception is java.lang.ClassCastException: org.apache.xerces.jaxp.DocumentBuilderFactoryImpl cannot be cast to javax.xml.parsers.DocumentBuilderFactory
	at org.springframework.beans.factory.xml.XmlBeanDefinitionReader.doLoadBeanDefinitions(XmlBeanDefinitionReader.java:412)
	at org.springframework.beans.factory.xml.XmlBeanDefinitionReader.loadBeanDefinitions(XmlBeanDefinitionReader.java:334)
	at org.springframework.beans.factory.xml.XmlBeanDefinitionReader.loadBeanDefinitions(XmlBeanDefinitionReader.java:302)
	at org.springframework.beans.factory.support.AbstractBeanDefinitionReader.loadBeanDefinitions(AbstractBeanDefinitionReader.java:174)
	at org.springframework.beans.factory.support.AbstractBeanDefinitionReader.loadBeanDefinitions(AbstractBeanDefinitionReader.java:209)
	at org.springframework.beans.factory.support.AbstractBeanDefinitionReader.loadBeanDefinitions(AbstractBeanDefinitionReader.java:180)
	at org.springframework.web.context.support.XmlWebApplicationContext.loadBeanDefinitions(XmlWebApplicationContext.java:125)
	at org.springframework.web.context.support.XmlWebApplicationContext.loadBeanDefinitions(XmlWebApplicationContext.java:94)
	at org.springframework.context.support.AbstractRefreshableApplicationContext.refreshBeanFactory(AbstractRefreshableApplicationContext.java:131)
	at org.springframework.context.support.AbstractApplicationContext.obtainFreshBeanFactory(AbstractApplicationContext.java:522)
	at org.springframework.context.support.AbstractApplicationContext.refresh(AbstractApplicationContext.java:436)
	at org.springframework.web.servlet.FrameworkServlet.configureAndRefreshWebApplicationContext(FrameworkServlet.java:631)
	at org.springframework.web.servlet.FrameworkServlet.createWebApplicationContext(FrameworkServlet.java:588)
	at org.springframework.web.servlet.FrameworkServlet.createWebApplicationContext(FrameworkServlet.java:645)
	at org.springframework.web.servlet.FrameworkServlet.initWebApplicationContext(FrameworkServlet.java:508)
	at org.springframework.web.servlet.FrameworkServlet.initServletBean(FrameworkServlet.java:449)
	at org.springframework.web.servlet.HttpServletBean.init(HttpServletBean.java:133)
	at javax.servlet.GenericServlet.init(GenericServlet.java:242)
	at org.apache.catalina.core.StandardWrapper.loadServlet(StandardWrapper.java:1208)
	at org.apache.catalina.core.StandardWrapper.load(StandardWrapper.java:1108)
	at org.apache.catalina.core.StandardContext.loadOnStartup(StandardContext.java:3628)
	at org.apache.catalina.core.StandardContext.start(StandardContext.java:3851)
	at org.jboss.web.tomcat.service.deployers.TomcatDeployment.performDeployInternal(TomcatDeployment.java:294)
	at org.jboss.web.tomcat.service.deployers.TomcatDeployment.performDeploy(TomcatDeployment.java:146)
	at org.jboss.web.deployers.AbstractWarDeployment.start(AbstractWarDeployment.java:476)
	at org.jboss.web.deployers.WebModule.startModule(WebModule.java:118)
	at org.jboss.web.deployers.WebModule.start(WebModule.java:95)
	at sun.reflect.NativeMethodAccessorImpl.invoke0(Native Method)
	at sun.reflect.NativeMethodAccessorImpl.invoke(NativeMethodAccessorImpl.java:39)
	at sun.reflect.DelegatingMethodAccessorImpl.invoke(DelegatingMethodAccessorImpl.java:25)
	at java.lang.reflect.Method.invoke(Method.java:597)
	at org.jboss.mx.interceptor.ReflectedDispatcher.invoke(ReflectedDispatcher.java:157)
	at org.jboss.mx.server.Invocation.dispatch(Invocation.java:96)
	at org.jboss.mx.server.Invocation.invoke(Invocation.java:88)
	at org.jboss.mx.server.AbstractMBeanInvoker.invoke(AbstractMBeanInvoker.java:271)
	at org.jboss.mx.server.MBeanServerImpl.invoke(MBeanServerImpl.java:670)
	at org.jboss.system.microcontainer.ServiceProxy.invoke(ServiceProxy.java:206)
	at $Proxy41.start(Unknown Source)
	at org.jboss.system.microcontainer.StartStopLifecycleAction.installAction(StartStopLifecycleAction.java:53)
	at org.jboss.system.microcontainer.StartStopLifecycleAction.installAction(StartStopLifecycleAction.java:41)
	at org.jboss.dependency.plugins.action.SimpleControllerContextAction.simpleInstallAction(SimpleControllerContextAction.java:62)
	at org.jboss.dependency.plugins.action.AccessControllerContextAction.install(AccessControllerContextAction.java:71)
	at org.jboss.dependency.plugins.AbstractControllerContextActions.install(AbstractControllerContextActions.java:51)
	at org.jboss.dependency.plugins.AbstractControllerContext.install(AbstractControllerContext.java:379)
	at org.jboss.system.microcontainer.ServiceControllerContext.install(ServiceControllerContext.java:301)
	at org.jboss.dependency.plugins.AbstractController.install(AbstractController.java:2044)
	at org.jboss.dependency.plugins.AbstractController.incrementState(AbstractController.java:1083)
	at org.jboss.dependency.plugins.AbstractController.executeOrIncrementStateDirectly(AbstractController.java:1322)
	at org.jboss.dependency.plugins.AbstractController.resolveContexts(AbstractController.java:1246)
	at org.jboss.dependency.plugins.AbstractController.resolveContexts(AbstractController.java:1139)
	at org.jboss.dependency.plugins.AbstractController.change(AbstractController.java:939)
	at org.jboss.dependency.plugins.AbstractController.change(AbstractController.java:654)
	at org.jboss.system.ServiceController.doChange(ServiceController.java:671)
	at org.jboss.system.ServiceController.start(ServiceController.java:443)
	at org.jboss.system.deployers.ServiceDeployer.start(ServiceDeployer.java:189)
	at org.jboss.system.deployers.ServiceDeployer.deploy(ServiceDeployer.java:102)
	at org.jboss.system.deployers.ServiceDeployer.deploy(ServiceDeployer.java:49)
	at org.jboss.deployers.spi.deployer.helpers.AbstractSimpleRealDeployer.internalDeploy(AbstractSimpleRealDeployer.java:63)
	at org.jboss.deployers.spi.deployer.helpers.AbstractRealDeployer.deploy(AbstractRealDeployer.java:55)
	at org.jboss.deployers.plugins.deployers.DeployerWrapper.deploy(DeployerWrapper.java:179)
	at org.jboss.deployers.plugins.deployers.DeployersImpl.doDeploy(DeployersImpl.java:1832)
	at org.jboss.deployers.plugins.deployers.DeployersImpl.doInstallParentFirst(DeployersImpl.java:1550)
	at org.jboss.deployers.plugins.deployers.DeployersImpl.doInstallParentFirst(DeployersImpl.java:1571)
	at org.jboss.deployers.plugins.deployers.DeployersImpl.doInstallParentFirst(DeployersImpl.java:1603)
	at org.jboss.deployers.plugins.deployers.DeployersImpl.install(DeployersImpl.java:1491)
	at org.jboss.dependency.plugins.AbstractControllerContext.install(AbstractControllerContext.java:379)
	at org.jboss.dependency.plugins.AbstractController.install(AbstractController.java:2044)
	at org.jboss.dependency.plugins.AbstractController.incrementState(AbstractController.java:1083)
	at org.jboss.dependency.plugins.AbstractController.executeOrIncrementStateDirectly(AbstractController.java:1322)
	at org.jboss.dependency.plugins.AbstractController.resolveContexts(AbstractController.java:1246)
	at org.jboss.dependency.plugins.AbstractController.resolveContexts(AbstractController.java:1139)
	at org.jboss.dependency.plugins.AbstractController.change(AbstractController.java:939)
	at org.jboss.dependency.plugins.AbstractController.change(AbstractController.java:654)
	at org.jboss.deployers.plugins.deployers.DeployersImpl.change(DeployersImpl.java:1983)
	at org.jboss.deployers.plugins.deployers.DeployersImpl.process(DeployersImpl.java:1076)
	at org.jboss.deployers.plugins.main.MainDeployerImpl.process(MainDeployerImpl.java:679)
	at org.jboss.system.server.profileservice.deployers.MainDeployerPlugin.process(MainDeployerPlugin.java:106)
	at org.jboss.profileservice.dependency.ProfileControllerContext$DelegateDeployer.process(ProfileControllerContext.java:143)
	at org.jboss.profileservice.dependency.ProfileDeployAction.deploy(ProfileDeployAction.java:151)
	at org.jboss.profileservice.dependency.ProfileDeployAction.installActionInternal(ProfileDeployAction.java:94)
	at org.jboss.kernel.plugins.dependency.InstallsAwareAction.installAction(InstallsAwareAction.java:54)
	at org.jboss.kernel.plugins.dependency.InstallsAwareAction.installAction(InstallsAwareAction.java:42)
	at org.jboss.dependency.plugins.action.SimpleControllerContextAction.simpleInstallAction(SimpleControllerContextAction.java:62)
	at org.jboss.dependency.plugins.action.AccessControllerContextAction.install(AccessControllerContextAction.java:71)
	at org.jboss.dependency.plugins.AbstractControllerContextActions.install(AbstractControllerContextActions.java:51)
	at org.jboss.dependency.plugins.AbstractControllerContext.install(AbstractControllerContext.java:379)
	at org.jboss.dependency.plugins.AbstractController.install(AbstractController.java:2044)
	at org.jboss.dependency.plugins.AbstractController.incrementState(AbstractController.java:1083)
	at org.jboss.dependency.plugins.AbstractController.executeOrIncrementStateDirectly(AbstractController.java:1322)
	at org.jboss.dependency.plugins.AbstractController.resolveContexts(AbstractController.java:1246)
	at org.jboss.dependency.plugins.AbstractController.resolveContexts(AbstractController.java:1139)
	at org.jboss.dependency.plugins.AbstractController.change(AbstractController.java:939)
	at org.jboss.dependency.plugins.AbstractController.change(AbstractController.java:654)
	at org.jboss.profileservice.dependency.ProfileActivationWrapper$BasicProfileActivation.start(ProfileActivationWrapper.java:190)
	at org.jboss.profileservice.dependency.ProfileActivationWrapper.start(ProfileActivationWrapper.java:87)
	at org.jboss.profileservice.dependency.ProfileActivationService.activateProfile(ProfileActivationService.java:215)
	at org.jboss.profileservice.dependency.ProfileActivationService.activate(ProfileActivationService.java:159)
	at org.jboss.profileservice.bootstrap.AbstractProfileServiceBootstrap.activate(AbstractProfileServiceBootstrap.java:112)
	at org.jboss.profileservice.resolver.BasicResolverFactory$ProfileResolverFacade.deploy(BasicResolverFactory.java:87)
	at org.jboss.profileservice.bootstrap.AbstractProfileServiceBootstrap.start(AbstractProfileServiceBootstrap.java:91)
	at org.jboss.system.server.profileservice.bootstrap.BasicProfileServiceBootstrap.start(BasicProfileServiceBootstrap.java:132)
	at org.jboss.system.server.profileservice.bootstrap.BasicProfileServiceBootstrap.start(BasicProfileServiceBootstrap.java:56)
	at org.jboss.bootstrap.impl.base.server.AbstractServer.startBootstraps(AbstractServer.java:827)
	at org.jboss.bootstrap.impl.base.server.AbstractServer$StartServerTask.run(AbstractServer.java:417)
	at java.lang.Thread.run(Thread.java:662)
Caused by: java.lang.ClassCastException: org.apache.xerces.jaxp.DocumentBuilderFactoryImpl cannot be cast to javax.xml.parsers.DocumentBuilderFactory
	at javax.xml.parsers.DocumentBuilderFactory.newInstance(Unknown Source)
	at org.springframework.beans.factory.xml.DefaultDocumentLoader.createDocumentBuilderFactory(DefaultDocumentLoader.java:89)
	at org.springframework.beans.factory.xml.DefaultDocumentLoader.loadDocument(DefaultDocumentLoader.java:70)
	at org.springframework.beans.factory.xml.XmlBeanDefinitionReader.doLoadBeanDefinitions(XmlBeanDefinitionReader.java:388)
	... 104 more
526107 ERROR .web.servlet.DispatcherServlet initServletBean -Context initialization failed
org.springframework.beans.factory.BeanDefinitionStoreException: Unexpected exception parsing XML document from ServletContext resource [/WEB-INF/qinweb-servlet.xml]; nested exception is java.lang.ClassCastException: org.apache.xerces.jaxp.DocumentBuilderFactoryImpl cannot be cast to javax.xml.parsers.DocumentBuilderFactory
	at org.springframework.beans.factory.xml.XmlBeanDefinitionReader.doLoadBeanDefinitions(XmlBeanDefinitionReader.java:412)
	at org.springframework.beans.factory.xml.XmlBeanDefinitionReader.loadBeanDefinitions(XmlBeanDefinitionReader.java:334)
	at org.springframework.beans.factory.xml.XmlBeanDefinitionReader.loadBeanDefinitions(XmlBeanDefinitionReader.java:302)
	at org.springframework.beans.factory.support.AbstractBeanDefinitionReader.loadBeanDefinitions(AbstractBeanDefinitionReader.java:174)
	at org.springframework.beans.factory.support.AbstractBeanDefinitionReader.loadBeanDefinitions(AbstractBeanDefinitionReader.java:209)
	at org.springframework.beans.factory.support.AbstractBeanDefinitionReader.loadBeanDefinitions(AbstractBeanDefinitionReader.java:180)
	at org.springframework.web.context.support.XmlWebApplicationContext.loadBeanDefinitions(XmlWebApplicationContext.java:125)
	at org.springframework.web.context.support.XmlWebApplicationContext.loadBeanDefinitions(XmlWebApplicationContext.java:94)
	at org.springframework.context.support.AbstractRefreshableApplicationContext.refreshBeanFactory(AbstractRefreshableApplicationContext.java:131)
	at org.springframework.context.support.AbstractApplicationContext.obtainFreshBeanFactory(AbstractApplicationContext.java:522)
	at org.springframework.context.support.AbstractApplicationContext.refresh(AbstractApplicationContext.java:436)
	at org.springframework.web.servlet.FrameworkServlet.configureAndRefreshWebApplicationContext(FrameworkServlet.java:631)
	at org.springframework.web.servlet.FrameworkServlet.createWebApplicationContext(FrameworkServlet.java:588)
	at org.springframework.web.servlet.FrameworkServlet.createWebApplicationContext(FrameworkServlet.java:645)
	at org.springframework.web.servlet.FrameworkServlet.initWebApplicationContext(FrameworkServlet.java:508)
	at org.springframework.web.servlet.FrameworkServlet.initServletBean(FrameworkServlet.java:449)
	at org.springframework.web.servlet.HttpServletBean.init(HttpServletBean.java:133)
	at javax.servlet.GenericServlet.init(GenericServlet.java:242)
	at org.apache.catalina.core.StandardWrapper.loadServlet(StandardWrapper.java:1208)
	at org.apache.catalina.core.StandardWrapper.allocate(StandardWrapper.java:955)
	at org.apache.catalina.core.StandardWrapperValve.invoke(StandardWrapperValve.java:188)
	at org.apache.catalina.core.StandardContextValve.invoke(StandardContextValve.java:161)
	at org.jboss.web.tomcat.security.SecurityAssociationValve.invoke(SecurityAssociationValve.java:181)
	at org.jboss.modcluster.catalina.CatalinaContext$RequestListenerValve.event(CatalinaContext.java:285)
	at org.jboss.modcluster.catalina.CatalinaContext$RequestListenerValve.invoke(CatalinaContext.java:261)
	at org.jboss.web.tomcat.security.JaccContextValve.invoke(JaccContextValve.java:88)
	at org.jboss.web.tomcat.security.SecurityContextEstablishmentValve.invoke(SecurityContextEstablishmentValve.java:100)
	at org.apache.catalina.core.StandardHostValve.invoke(StandardHostValve.java:159)
	at org.apache.catalina.valves.ErrorReportValve.invoke(ErrorReportValve.java:102)
	at org.jboss.web.tomcat.service.jca.CachedConnectionValve.invoke(CachedConnectionValve.java:158)
	at org.apache.catalina.core.StandardEngineValve.invoke(StandardEngineValve.java:109)
	at org.jboss.web.tomcat.service.request.ActiveRequestResponseCacheValve.invoke(ActiveRequestResponseCacheValve.java:53)
	at org.apache.catalina.connector.CoyoteAdapter.service(CoyoteAdapter.java:362)
	at org.apache.coyote.http11.Http11Processor.process(Http11Processor.java:877)
	at org.apache.coyote.http11.Http11Protocol$Http11ConnectionHandler.process(Http11Protocol.java:654)
	at org.apache.tomcat.util.net.JIoEndpoint$Worker.run(JIoEndpoint.java:951)
	at java.lang.Thread.run(Thread.java:662)
Caused by: java.lang.ClassCastException: org.apache.xerces.jaxp.DocumentBuilderFactoryImpl cannot be cast to javax.xml.parsers.DocumentBuilderFactory
	at javax.xml.parsers.DocumentBuilderFactory.newInstance(Unknown Source)
	at org.springframework.beans.factory.xml.DefaultDocumentLoader.createDocumentBuilderFactory(DefaultDocumentLoader.java:89)
	at org.springframework.beans.factory.xml.DefaultDocumentLoader.loadDocument(DefaultDocumentLoader.java:70)
	at org.springframework.beans.factory.xml.XmlBeanDefinitionReader.doLoadBeanDefinitions(XmlBeanDefinitionReader.java:388)
	... 36 more
0    ERROR .web.servlet.DispatcherServlet initServletBean -Context initialization failed
org.springframework.beans.factory.BeanDefinitionStoreException: Unexpected exception parsing XML document from ServletContext resource [/WEB-INF/qinweb-servlet.xml]; nested exception is java.lang.ClassCastException: org.apache.xerces.jaxp.DocumentBuilderFactoryImpl cannot be cast to javax.xml.parsers.DocumentBuilderFactory
	at org.springframework.beans.factory.xml.XmlBeanDefinitionReader.doLoadBeanDefinitions(XmlBeanDefinitionReader.java:412)
	at org.springframework.beans.factory.xml.XmlBeanDefinitionReader.loadBeanDefinitions(XmlBeanDefinitionReader.java:334)
	at org.springframework.beans.factory.xml.XmlBeanDefinitionReader.loadBeanDefinitions(XmlBeanDefinitionReader.java:302)
	at org.springframework.beans.factory.support.AbstractBeanDefinitionReader.loadBeanDefinitions(AbstractBeanDefinitionReader.java:174)
	at org.springframework.beans.factory.support.AbstractBeanDefinitionReader.loadBeanDefinitions(AbstractBeanDefinitionReader.java:209)
	at org.springframework.beans.factory.support.AbstractBeanDefinitionReader.loadBeanDefinitions(AbstractBeanDefinitionReader.java:180)
	at org.springframework.web.context.support.XmlWebApplicationContext.loadBeanDefinitions(XmlWebApplicationContext.java:125)
	at org.springframework.web.context.support.XmlWebApplicationContext.loadBeanDefinitions(XmlWebApplicationContext.java:94)
	at org.springframework.context.support.AbstractRefreshableApplicationContext.refreshBeanFactory(AbstractRefreshableApplicationContext.java:131)
	at org.springframework.context.support.AbstractApplicationContext.obtainFreshBeanFactory(AbstractApplicationContext.java:522)
	at org.springframework.context.support.AbstractApplicationContext.refresh(AbstractApplicationContext.java:436)
	at org.springframework.web.servlet.FrameworkServlet.configureAndRefreshWebApplicationContext(FrameworkServlet.java:631)
	at org.springframework.web.servlet.FrameworkServlet.createWebApplicationContext(FrameworkServlet.java:588)
	at org.springframework.web.servlet.FrameworkServlet.createWebApplicationContext(FrameworkServlet.java:645)
	at org.springframework.web.servlet.FrameworkServlet.initWebApplicationContext(FrameworkServlet.java:508)
	at org.springframework.web.servlet.FrameworkServlet.initServletBean(FrameworkServlet.java:449)
	at org.springframework.web.servlet.HttpServletBean.init(HttpServletBean.java:133)
	at javax.servlet.GenericServlet.init(GenericServlet.java:242)
	at org.apache.catalina.core.StandardWrapper.loadServlet(StandardWrapper.java:1208)
	at org.apache.catalina.core.StandardWrapper.load(StandardWrapper.java:1108)
	at org.apache.catalina.core.StandardContext.loadOnStartup(StandardContext.java:3628)
	at org.apache.catalina.core.StandardContext.start(StandardContext.java:3851)
	at org.jboss.web.tomcat.service.deployers.TomcatDeployment.performDeployInternal(TomcatDeployment.java:294)
	at org.jboss.web.tomcat.service.deployers.TomcatDeployment.performDeploy(TomcatDeployment.java:146)
	at org.jboss.web.deployers.AbstractWarDeployment.start(AbstractWarDeployment.java:476)
	at org.jboss.web.deployers.WebModule.startModule(WebModule.java:118)
	at org.jboss.web.deployers.WebModule.start(WebModule.java:95)
	at sun.reflect.NativeMethodAccessorImpl.invoke0(Native Method)
	at sun.reflect.NativeMethodAccessorImpl.invoke(NativeMethodAccessorImpl.java:39)
	at sun.reflect.DelegatingMethodAccessorImpl.invoke(DelegatingMethodAccessorImpl.java:25)
	at java.lang.reflect.Method.invoke(Method.java:597)
	at org.jboss.mx.interceptor.ReflectedDispatcher.invoke(ReflectedDispatcher.java:157)
	at org.jboss.mx.server.Invocation.dispatch(Invocation.java:96)
	at org.jboss.mx.server.Invocation.invoke(Invocation.java:88)
	at org.jboss.mx.server.AbstractMBeanInvoker.invoke(AbstractMBeanInvoker.java:271)
	at org.jboss.mx.server.MBeanServerImpl.invoke(MBeanServerImpl.java:670)
	at org.jboss.system.microcontainer.ServiceProxy.invoke(ServiceProxy.java:206)
	at $Proxy41.start(Unknown Source)
	at org.jboss.system.microcontainer.StartStopLifecycleAction.installAction(StartStopLifecycleAction.java:53)
	at org.jboss.system.microcontainer.StartStopLifecycleAction.installAction(StartStopLifecycleAction.java:41)
	at org.jboss.dependency.plugins.action.SimpleControllerContextAction.simpleInstallAction(SimpleControllerContextAction.java:62)
	at org.jboss.dependency.plugins.action.AccessControllerContextAction.install(AccessControllerContextAction.java:71)
	at org.jboss.dependency.plugins.AbstractControllerContextActions.install(AbstractControllerContextActions.java:51)
	at org.jboss.dependency.plugins.AbstractControllerContext.install(AbstractControllerContext.java:379)
	at org.jboss.system.microcontainer.ServiceControllerContext.install(ServiceControllerContext.java:301)
	at org.jboss.dependency.plugins.AbstractController.install(AbstractController.java:2044)
	at org.jboss.dependency.plugins.AbstractController.incrementState(AbstractController.java:1083)
	at org.jboss.dependency.plugins.AbstractController.executeOrIncrementStateDirectly(AbstractController.java:1322)
	at org.jboss.dependency.plugins.AbstractController.resolveContexts(AbstractController.java:1246)
	at org.jboss.dependency.plugins.AbstractController.resolveContexts(AbstractController.java:1139)
	at org.jboss.dependency.plugins.AbstractController.change(AbstractController.java:939)
	at org.jboss.dependency.plugins.AbstractController.change(AbstractController.java:654)
	at org.jboss.system.ServiceController.doChange(ServiceController.java:671)
	at org.jboss.system.ServiceController.start(ServiceController.java:443)
	at org.jboss.system.deployers.ServiceDeployer.start(ServiceDeployer.java:189)
	at org.jboss.system.deployers.ServiceDeployer.deploy(ServiceDeployer.java:102)
	at org.jboss.system.deployers.ServiceDeployer.deploy(ServiceDeployer.java:49)
	at org.jboss.deployers.spi.deployer.helpers.AbstractSimpleRealDeployer.internalDeploy(AbstractSimpleRealDeployer.java:63)
	at org.jboss.deployers.spi.deployer.helpers.AbstractRealDeployer.deploy(AbstractRealDeployer.java:55)
	at org.jboss.deployers.plugins.deployers.DeployerWrapper.deploy(DeployerWrapper.java:179)
	at org.jboss.deployers.plugins.deployers.DeployersImpl.doDeploy(DeployersImpl.java:1832)
	at org.jboss.deployers.plugins.deployers.DeployersImpl.doInstallParentFirst(DeployersImpl.java:1550)
	at org.jboss.deployers.plugins.deployers.DeployersImpl.doInstallParentFirst(DeployersImpl.java:1571)
	at org.jboss.deployers.plugins.deployers.DeployersImpl.doInstallParentFirst(DeployersImpl.java:1603)
	at org.jboss.deployers.plugins.deployers.DeployersImpl.install(DeployersImpl.java:1491)
	at org.jboss.dependency.plugins.AbstractControllerContext.install(AbstractControllerContext.java:379)
	at org.jboss.dependency.plugins.AbstractController.install(AbstractController.java:2044)
	at org.jboss.dependency.plugins.AbstractController.incrementState(AbstractController.java:1083)
	at org.jboss.dependency.plugins.AbstractController.executeOrIncrementStateDirectly(AbstractController.java:1322)
	at org.jboss.dependency.plugins.AbstractController.resolveContexts(AbstractController.java:1246)
	at org.jboss.dependency.plugins.AbstractController.resolveContexts(AbstractController.java:1139)
	at org.jboss.dependency.plugins.AbstractController.change(AbstractController.java:939)
	at org.jboss.dependency.plugins.AbstractController.change(AbstractController.java:654)
	at org.jboss.deployers.plugins.deployers.DeployersImpl.change(DeployersImpl.java:1983)
	at org.jboss.deployers.plugins.deployers.DeployersImpl.process(DeployersImpl.java:1076)
	at org.jboss.deployers.plugins.main.MainDeployerImpl.process(MainDeployerImpl.java:679)
	at org.jboss.system.server.profileservice.deployers.MainDeployerPlugin.process(MainDeployerPlugin.java:106)
	at org.jboss.profileservice.dependency.ProfileControllerContext$DelegateDeployer.process(ProfileControllerContext.java:143)
	at org.jboss.profileservice.dependency.ProfileDeployAction.deploy(ProfileDeployAction.java:151)
	at org.jboss.profileservice.dependency.ProfileDeployAction.installActionInternal(ProfileDeployAction.java:94)
	at org.jboss.kernel.plugins.dependency.InstallsAwareAction.installAction(InstallsAwareAction.java:54)
	at org.jboss.kernel.plugins.dependency.InstallsAwareAction.installAction(InstallsAwareAction.java:42)
	at org.jboss.dependency.plugins.action.SimpleControllerContextAction.simpleInstallAction(SimpleControllerContextAction.java:62)
	at org.jboss.dependency.plugins.action.AccessControllerContextAction.install(AccessControllerContextAction.java:71)
	at org.jboss.dependency.plugins.AbstractControllerContextActions.install(AbstractControllerContextActions.java:51)
	at org.jboss.dependency.plugins.AbstractControllerContext.install(AbstractControllerContext.java:379)
	at org.jboss.dependency.plugins.AbstractController.install(AbstractController.java:2044)
	at org.jboss.dependency.plugins.AbstractController.incrementState(AbstractController.java:1083)
	at org.jboss.dependency.plugins.AbstractController.executeOrIncrementStateDirectly(AbstractController.java:1322)
	at org.jboss.dependency.plugins.AbstractController.resolveContexts(AbstractController.java:1246)
	at org.jboss.dependency.plugins.AbstractController.resolveContexts(AbstractController.java:1139)
	at org.jboss.dependency.plugins.AbstractController.change(AbstractController.java:939)
	at org.jboss.dependency.plugins.AbstractController.change(AbstractController.java:654)
	at org.jboss.profileservice.dependency.ProfileActivationWrapper$BasicProfileActivation.start(ProfileActivationWrapper.java:190)
	at org.jboss.profileservice.dependency.ProfileActivationWrapper.start(ProfileActivationWrapper.java:87)
	at org.jboss.profileservice.dependency.ProfileActivationService.activateProfile(ProfileActivationService.java:215)
	at org.jboss.profileservice.dependency.ProfileActivationService.activate(ProfileActivationService.java:159)
	at org.jboss.profileservice.bootstrap.AbstractProfileServiceBootstrap.activate(AbstractProfileServiceBootstrap.java:112)
	at org.jboss.profileservice.resolver.BasicResolverFactory$ProfileResolverFacade.deploy(BasicResolverFactory.java:87)
	at org.jboss.profileservice.bootstrap.AbstractProfileServiceBootstrap.start(AbstractProfileServiceBootstrap.java:91)
	at org.jboss.system.server.profileservice.bootstrap.BasicProfileServiceBootstrap.start(BasicProfileServiceBootstrap.java:132)
	at org.jboss.system.server.profileservice.bootstrap.BasicProfileServiceBootstrap.start(BasicProfileServiceBootstrap.java:56)
	at org.jboss.bootstrap.impl.base.server.AbstractServer.startBootstraps(AbstractServer.java:827)
	at org.jboss.bootstrap.impl.base.server.AbstractServer$StartServerTask.run(AbstractServer.java:417)
	at java.lang.Thread.run(Thread.java:662)
Caused by: java.lang.ClassCastException: org.apache.xerces.jaxp.DocumentBuilderFactoryImpl cannot be cast to javax.xml.parsers.DocumentBuilderFactory
	at javax.xml.parsers.DocumentBuilderFactory.newInstance(Unknown Source)
	at org.springframework.beans.factory.xml.DefaultDocumentLoader.createDocumentBuilderFactory(DefaultDocumentLoader.java:89)
	at org.springframework.beans.factory.xml.DefaultDocumentLoader.loadDocument(DefaultDocumentLoader.java:70)
	at org.springframework.beans.factory.xml.XmlBeanDefinitionReader.doLoadBeanDefinitions(XmlBeanDefinitionReader.java:388)
	... 104 more
0    ERROR .web.servlet.DispatcherServlet initServletBean -Context initialization failed
org.springframework.beans.factory.BeanDefinitionStoreException: Unexpected exception parsing XML document from ServletContext resource [/WEB-INF/qinweb-servlet.xml]; nested exception is java.lang.ClassCastException: org.apache.xerces.jaxp.DocumentBuilderFactoryImpl cannot be cast to javax.xml.parsers.DocumentBuilderFactory
	at org.springframework.beans.factory.xml.XmlBeanDefinitionReader.doLoadBeanDefinitions(XmlBeanDefinitionReader.java:412)
	at org.springframework.beans.factory.xml.XmlBeanDefinitionReader.loadBeanDefinitions(XmlBeanDefinitionReader.java:334)
	at org.springframework.beans.factory.xml.XmlBeanDefinitionReader.loadBeanDefinitions(XmlBeanDefinitionReader.java:302)
	at org.springframework.beans.factory.support.AbstractBeanDefinitionReader.loadBeanDefinitions(AbstractBeanDefinitionReader.java:174)
	at org.springframework.beans.factory.support.AbstractBeanDefinitionReader.loadBeanDefinitions(AbstractBeanDefinitionReader.java:209)
	at org.springframework.beans.factory.support.AbstractBeanDefinitionReader.loadBeanDefinitions(AbstractBeanDefinitionReader.java:180)
	at org.springframework.web.context.support.XmlWebApplicationContext.loadBeanDefinitions(XmlWebApplicationContext.java:125)
	at org.springframework.web.context.support.XmlWebApplicationContext.loadBeanDefinitions(XmlWebApplicationContext.java:94)
	at org.springframework.context.support.AbstractRefreshableApplicationContext.refreshBeanFactory(AbstractRefreshableApplicationContext.java:131)
	at org.springframework.context.support.AbstractApplicationContext.obtainFreshBeanFactory(AbstractApplicationContext.java:522)
	at org.springframework.context.support.AbstractApplicationContext.refresh(AbstractApplicationContext.java:436)
	at org.springframework.web.servlet.FrameworkServlet.configureAndRefreshWebApplicationContext(FrameworkServlet.java:631)
	at org.springframework.web.servlet.FrameworkServlet.createWebApplicationContext(FrameworkServlet.java:588)
	at org.springframework.web.servlet.FrameworkServlet.createWebApplicationContext(FrameworkServlet.java:645)
	at org.springframework.web.servlet.FrameworkServlet.initWebApplicationContext(FrameworkServlet.java:508)
	at org.springframework.web.servlet.FrameworkServlet.initServletBean(FrameworkServlet.java:449)
	at org.springframework.web.servlet.HttpServletBean.init(HttpServletBean.java:133)
	at javax.servlet.GenericServlet.init(GenericServlet.java:242)
	at org.apache.catalina.core.StandardWrapper.loadServlet(StandardWrapper.java:1208)
	at org.apache.catalina.core.StandardWrapper.load(StandardWrapper.java:1108)
	at org.apache.catalina.core.StandardContext.loadOnStartup(StandardContext.java:3628)
	at org.apache.catalina.core.StandardContext.start(StandardContext.java:3851)
	at org.jboss.web.tomcat.service.deployers.TomcatDeployment.performDeployInternal(TomcatDeployment.java:294)
	at org.jboss.web.tomcat.service.deployers.TomcatDeployment.performDeploy(TomcatDeployment.java:146)
	at org.jboss.web.deployers.AbstractWarDeployment.start(AbstractWarDeployment.java:476)
	at org.jboss.web.deployers.WebModule.startModule(WebModule.java:118)
	at org.jboss.web.deployers.WebModule.start(WebModule.java:95)
	at sun.reflect.NativeMethodAccessorImpl.invoke0(Native Method)
	at sun.reflect.NativeMethodAccessorImpl.invoke(NativeMethodAccessorImpl.java:39)
	at sun.reflect.DelegatingMethodAccessorImpl.invoke(DelegatingMethodAccessorImpl.java:25)
	at java.lang.reflect.Method.invoke(Method.java:597)
	at org.jboss.mx.interceptor.ReflectedDispatcher.invoke(ReflectedDispatcher.java:157)
	at org.jboss.mx.server.Invocation.dispatch(Invocation.java:96)
	at org.jboss.mx.server.Invocation.invoke(Invocation.java:88)
	at org.jboss.mx.server.AbstractMBeanInvoker.invoke(AbstractMBeanInvoker.java:271)
	at org.jboss.mx.server.MBeanServerImpl.invoke(MBeanServerImpl.java:670)
	at org.jboss.system.microcontainer.ServiceProxy.invoke(ServiceProxy.java:206)
	at $Proxy41.start(Unknown Source)
	at org.jboss.system.microcontainer.StartStopLifecycleAction.installAction(StartStopLifecycleAction.java:53)
	at org.jboss.system.microcontainer.StartStopLifecycleAction.installAction(StartStopLifecycleAction.java:41)
	at org.jboss.dependency.plugins.action.SimpleControllerContextAction.simpleInstallAction(SimpleControllerContextAction.java:62)
	at org.jboss.dependency.plugins.action.AccessControllerContextAction.install(AccessControllerContextAction.java:71)
	at org.jboss.dependency.plugins.AbstractControllerContextActions.install(AbstractControllerContextActions.java:51)
	at org.jboss.dependency.plugins.AbstractControllerContext.install(AbstractControllerContext.java:379)
	at org.jboss.system.microcontainer.ServiceControllerContext.install(ServiceControllerContext.java:301)
	at org.jboss.dependency.plugins.AbstractController.install(AbstractController.java:2044)
	at org.jboss.dependency.plugins.AbstractController.incrementState(AbstractController.java:1083)
	at org.jboss.dependency.plugins.AbstractController.executeOrIncrementStateDirectly(AbstractController.java:1322)
	at org.jboss.dependency.plugins.AbstractController.resolveContexts(AbstractController.java:1246)
	at org.jboss.dependency.plugins.AbstractController.resolveContexts(AbstractController.java:1139)
	at org.jboss.dependency.plugins.AbstractController.change(AbstractController.java:939)
	at org.jboss.dependency.plugins.AbstractController.change(AbstractController.java:654)
	at org.jboss.system.ServiceController.doChange(ServiceController.java:671)
	at org.jboss.system.ServiceController.start(ServiceController.java:443)
	at org.jboss.system.deployers.ServiceDeployer.start(ServiceDeployer.java:189)
	at org.jboss.system.deployers.ServiceDeployer.deploy(ServiceDeployer.java:102)
	at org.jboss.system.deployers.ServiceDeployer.deploy(ServiceDeployer.java:49)
	at org.jboss.deployers.spi.deployer.helpers.AbstractSimpleRealDeployer.internalDeploy(AbstractSimpleRealDeployer.java:63)
	at org.jboss.deployers.spi.deployer.helpers.AbstractRealDeployer.deploy(AbstractRealDeployer.java:55)
	at org.jboss.deployers.plugins.deployers.DeployerWrapper.deploy(DeployerWrapper.java:179)
	at org.jboss.deployers.plugins.deployers.DeployersImpl.doDeploy(DeployersImpl.java:1832)
	at org.jboss.deployers.plugins.deployers.DeployersImpl.doInstallParentFirst(DeployersImpl.java:1550)
	at org.jboss.deployers.plugins.deployers.DeployersImpl.doInstallParentFirst(DeployersImpl.java:1571)
	at org.jboss.deployers.plugins.deployers.DeployersImpl.doInstallParentFirst(DeployersImpl.java:1603)
	at org.jboss.deployers.plugins.deployers.DeployersImpl.install(DeployersImpl.java:1491)
	at org.jboss.dependency.plugins.AbstractControllerContext.install(AbstractControllerContext.java:379)
	at org.jboss.dependency.plugins.AbstractController.install(AbstractController.java:2044)
	at org.jboss.dependency.plugins.AbstractController.incrementState(AbstractController.java:1083)
	at org.jboss.dependency.plugins.AbstractController.executeOrIncrementStateDirectly(AbstractController.java:1322)
	at org.jboss.dependency.plugins.AbstractController.resolveContexts(AbstractController.java:1246)
	at org.jboss.dependency.plugins.AbstractController.resolveContexts(AbstractController.java:1139)
	at org.jboss.dependency.plugins.AbstractController.change(AbstractController.java:939)
	at org.jboss.dependency.plugins.AbstractController.change(AbstractController.java:654)
	at org.jboss.deployers.plugins.deployers.DeployersImpl.change(DeployersImpl.java:1983)
	at org.jboss.deployers.plugins.deployers.DeployersImpl.process(DeployersImpl.java:1076)
	at org.jboss.deployers.plugins.main.MainDeployerImpl.process(MainDeployerImpl.java:679)
	at org.jboss.system.server.profileservice.deployers.MainDeployerPlugin.process(MainDeployerPlugin.java:106)
	at org.jboss.profileservice.dependency.ProfileControllerContext$DelegateDeployer.process(ProfileControllerContext.java:143)
	at org.jboss.profileservice.dependency.ProfileDeployAction.deploy(ProfileDeployAction.java:151)
	at org.jboss.profileservice.dependency.ProfileDeployAction.installActionInternal(ProfileDeployAction.java:94)
	at org.jboss.kernel.plugins.dependency.InstallsAwareAction.installAction(InstallsAwareAction.java:54)
	at org.jboss.kernel.plugins.dependency.InstallsAwareAction.installAction(InstallsAwareAction.java:42)
	at org.jboss.dependency.plugins.action.SimpleControllerContextAction.simpleInstallAction(SimpleControllerContextAction.java:62)
	at org.jboss.dependency.plugins.action.AccessControllerContextAction.install(AccessControllerContextAction.java:71)
	at org.jboss.dependency.plugins.AbstractControllerContextActions.install(AbstractControllerContextActions.java:51)
	at org.jboss.dependency.plugins.AbstractControllerContext.install(AbstractControllerContext.java:379)
	at org.jboss.dependency.plugins.AbstractController.install(AbstractController.java:2044)
	at org.jboss.dependency.plugins.AbstractController.incrementState(AbstractController.java:1083)
	at org.jboss.dependency.plugins.AbstractController.executeOrIncrementStateDirectly(AbstractController.java:1322)
	at org.jboss.dependency.plugins.AbstractController.resolveContexts(AbstractController.java:1246)
	at org.jboss.dependency.plugins.AbstractController.resolveContexts(AbstractController.java:1139)
	at org.jboss.dependency.plugins.AbstractController.change(AbstractController.java:939)
	at org.jboss.dependency.plugins.AbstractController.change(AbstractController.java:654)
	at org.jboss.profileservice.dependency.ProfileActivationWrapper$BasicProfileActivation.start(ProfileActivationWrapper.java:190)
	at org.jboss.profileservice.dependency.ProfileActivationWrapper.start(ProfileActivationWrapper.java:87)
	at org.jboss.profileservice.dependency.ProfileActivationService.activateProfile(ProfileActivationService.java:215)
	at org.jboss.profileservice.dependency.ProfileActivationService.activate(ProfileActivationService.java:159)
	at org.jboss.profileservice.bootstrap.AbstractProfileServiceBootstrap.activate(AbstractProfileServiceBootstrap.java:112)
	at org.jboss.profileservice.resolver.BasicResolverFactory$ProfileResolverFacade.deploy(BasicResolverFactory.java:87)
	at org.jboss.profileservice.bootstrap.AbstractProfileServiceBootstrap.start(AbstractProfileServiceBootstrap.java:91)
	at org.jboss.system.server.profileservice.bootstrap.BasicProfileServiceBootstrap.start(BasicProfileServiceBootstrap.java:132)
	at org.jboss.system.server.profileservice.bootstrap.BasicProfileServiceBootstrap.start(BasicProfileServiceBootstrap.java:56)
	at org.jboss.bootstrap.impl.base.server.AbstractServer.startBootstraps(AbstractServer.java:827)
	at org.jboss.bootstrap.impl.base.server.AbstractServer$StartServerTask.run(AbstractServer.java:417)
	at java.lang.Thread.run(Thread.java:662)
Caused by: java.lang.ClassCastException: org.apache.xerces.jaxp.DocumentBuilderFactoryImpl cannot be cast to javax.xml.parsers.DocumentBuilderFactory
	at javax.xml.parsers.DocumentBuilderFactory.newInstance(Unknown Source)
	at org.springframework.beans.factory.xml.DefaultDocumentLoader.createDocumentBuilderFactory(DefaultDocumentLoader.java:89)
	at org.springframework.beans.factory.xml.DefaultDocumentLoader.loadDocument(DefaultDocumentLoader.java:70)
	at org.springframework.beans.factory.xml.XmlBeanDefinitionReader.doLoadBeanDefinitions(XmlBeanDefinitionReader.java:388)
	... 104 more
0    ERROR .web.servlet.DispatcherServlet initServletBean -Context initialization failed
org.springframework.beans.factory.BeanCreationException: Error creating bean with name 'org.springframework.transaction.annotation.AnnotationTransactionAttributeSource#0': BeanPostProcessor before instantiation of bean failed; nested exception is java.lang.NoClassDefFoundError: org/aspectj/lang/annotation/Aspect
	at org.springframework.beans.factory.support.AbstractAutowireCapableBeanFactory.createBean(AbstractAutowireCapableBeanFactory.java:452)
	at org.springframework.beans.factory.support.AbstractBeanFactory$1.getObject(AbstractBeanFactory.java:294)
	at org.springframework.beans.factory.support.DefaultSingletonBeanRegistry.getSingleton(DefaultSingletonBeanRegistry.java:225)
	at org.springframework.beans.factory.support.AbstractBeanFactory.doGetBean(AbstractBeanFactory.java:291)
	at org.springframework.beans.factory.support.AbstractBeanFactory.getBean(AbstractBeanFactory.java:193)
	at org.springframework.beans.factory.support.DefaultListableBeanFactory.preInstantiateSingletons(DefaultListableBeanFactory.java:585)
	at org.springframework.context.support.AbstractApplicationContext.finishBeanFactoryInitialization(AbstractApplicationContext.java:913)
	at org.springframework.context.support.AbstractApplicationContext.refresh(AbstractApplicationContext.java:464)
	at org.springframework.web.servlet.FrameworkServlet.configureAndRefreshWebApplicationContext(FrameworkServlet.java:631)
	at org.springframework.web.servlet.FrameworkServlet.createWebApplicationContext(FrameworkServlet.java:588)
	at org.springframework.web.servlet.FrameworkServlet.createWebApplicationContext(FrameworkServlet.java:645)
	at org.springframework.web.servlet.FrameworkServlet.initWebApplicationContext(FrameworkServlet.java:508)
	at org.springframework.web.servlet.FrameworkServlet.initServletBean(FrameworkServlet.java:449)
	at org.springframework.web.servlet.HttpServletBean.init(HttpServletBean.java:133)
	at javax.servlet.GenericServlet.init(GenericServlet.java:242)
	at org.apache.catalina.core.StandardWrapper.loadServlet(StandardWrapper.java:1208)
	at org.apache.catalina.core.StandardWrapper.load(StandardWrapper.java:1108)
	at org.apache.catalina.core.StandardContext.loadOnStartup(StandardContext.java:3628)
	at org.apache.catalina.core.StandardContext.start(StandardContext.java:3851)
	at org.jboss.web.tomcat.service.deployers.TomcatDeployment.performDeployInternal(TomcatDeployment.java:294)
	at org.jboss.web.tomcat.service.deployers.TomcatDeployment.performDeploy(TomcatDeployment.java:146)
	at org.jboss.web.deployers.AbstractWarDeployment.start(AbstractWarDeployment.java:476)
	at org.jboss.web.deployers.WebModule.startModule(WebModule.java:118)
	at org.jboss.web.deployers.WebModule.start(WebModule.java:95)
	at sun.reflect.NativeMethodAccessorImpl.invoke0(Native Method)
	at sun.reflect.NativeMethodAccessorImpl.invoke(NativeMethodAccessorImpl.java:39)
	at sun.reflect.DelegatingMethodAccessorImpl.invoke(DelegatingMethodAccessorImpl.java:25)
	at java.lang.reflect.Method.invoke(Method.java:597)
	at org.jboss.mx.interceptor.ReflectedDispatcher.invoke(ReflectedDispatcher.java:157)
	at org.jboss.mx.server.Invocation.dispatch(Invocation.java:96)
	at org.jboss.mx.server.Invocation.invoke(Invocation.java:88)
	at org.jboss.mx.server.AbstractMBeanInvoker.invoke(AbstractMBeanInvoker.java:271)
	at org.jboss.mx.server.MBeanServerImpl.invoke(MBeanServerImpl.java:670)
	at org.jboss.system.microcontainer.ServiceProxy.invoke(ServiceProxy.java:206)
	at $Proxy41.start(Unknown Source)
	at org.jboss.system.microcontainer.StartStopLifecycleAction.installAction(StartStopLifecycleAction.java:53)
	at org.jboss.system.microcontainer.StartStopLifecycleAction.installAction(StartStopLifecycleAction.java:41)
	at org.jboss.dependency.plugins.action.SimpleControllerContextAction.simpleInstallAction(SimpleControllerContextAction.java:62)
	at org.jboss.dependency.plugins.action.AccessControllerContextAction.install(AccessControllerContextAction.java:71)
	at org.jboss.dependency.plugins.AbstractControllerContextActions.install(AbstractControllerContextActions.java:51)
	at org.jboss.dependency.plugins.AbstractControllerContext.install(AbstractControllerContext.java:379)
	at org.jboss.system.microcontainer.ServiceControllerContext.install(ServiceControllerContext.java:301)
	at org.jboss.dependency.plugins.AbstractController.install(AbstractController.java:2044)
	at org.jboss.dependency.plugins.AbstractController.incrementState(AbstractController.java:1083)
	at org.jboss.dependency.plugins.AbstractController.executeOrIncrementStateDirectly(AbstractController.java:1322)
	at org.jboss.dependency.plugins.AbstractController.resolveContexts(AbstractController.java:1246)
	at org.jboss.dependency.plugins.AbstractController.resolveContexts(AbstractController.java:1139)
	at org.jboss.dependency.plugins.AbstractController.change(AbstractController.java:939)
	at org.jboss.dependency.plugins.AbstractController.change(AbstractController.java:654)
	at org.jboss.system.ServiceController.doChange(ServiceController.java:671)
	at org.jboss.system.ServiceController.start(ServiceController.java:443)
	at org.jboss.system.deployers.ServiceDeployer.start(ServiceDeployer.java:189)
	at org.jboss.system.deployers.ServiceDeployer.deploy(ServiceDeployer.java:102)
	at org.jboss.system.deployers.ServiceDeployer.deploy(ServiceDeployer.java:49)
	at org.jboss.deployers.spi.deployer.helpers.AbstractSimpleRealDeployer.internalDeploy(AbstractSimpleRealDeployer.java:63)
	at org.jboss.deployers.spi.deployer.helpers.AbstractRealDeployer.deploy(AbstractRealDeployer.java:55)
	at org.jboss.deployers.plugins.deployers.DeployerWrapper.deploy(DeployerWrapper.java:179)
	at org.jboss.deployers.plugins.deployers.DeployersImpl.doDeploy(DeployersImpl.java:1832)
	at org.jboss.deployers.plugins.deployers.DeployersImpl.doInstallParentFirst(DeployersImpl.java:1550)
	at org.jboss.deployers.plugins.deployers.DeployersImpl.doInstallParentFirst(DeployersImpl.java:1571)
	at org.jboss.deployers.plugins.deployers.DeployersImpl.doInstallParentFirst(DeployersImpl.java:1603)
	at org.jboss.deployers.plugins.deployers.DeployersImpl.install(DeployersImpl.java:1491)
	at org.jboss.dependency.plugins.AbstractControllerContext.install(AbstractControllerContext.java:379)
	at org.jboss.dependency.plugins.AbstractController.install(AbstractController.java:2044)
	at org.jboss.dependency.plugins.AbstractController.incrementState(AbstractController.java:1083)
	at org.jboss.dependency.plugins.AbstractController.executeOrIncrementStateDirectly(AbstractController.java:1322)
	at org.jboss.dependency.plugins.AbstractController.resolveContexts(AbstractController.java:1246)
	at org.jboss.dependency.plugins.AbstractController.resolveContexts(AbstractController.java:1139)
	at org.jboss.dependency.plugins.AbstractController.change(AbstractController.java:939)
	at org.jboss.dependency.plugins.AbstractController.change(AbstractController.java:654)
	at org.jboss.deployers.plugins.deployers.DeployersImpl.change(DeployersImpl.java:1983)
	at org.jboss.deployers.plugins.deployers.DeployersImpl.process(DeployersImpl.java:1076)
	at org.jboss.deployers.plugins.main.MainDeployerImpl.process(MainDeployerImpl.java:679)
	at org.jboss.system.server.profileservice.deployers.MainDeployerPlugin.process(MainDeployerPlugin.java:106)
	at org.jboss.profileservice.dependency.ProfileControllerContext$DelegateDeployer.process(ProfileControllerContext.java:143)
	at org.jboss.profileservice.dependency.ProfileDeployAction.deploy(ProfileDeployAction.java:151)
	at org.jboss.profileservice.dependency.ProfileDeployAction.installActionInternal(ProfileDeployAction.java:94)
	at org.jboss.kernel.plugins.dependency.InstallsAwareAction.installAction(InstallsAwareAction.java:54)
	at org.jboss.kernel.plugins.dependency.InstallsAwareAction.installAction(InstallsAwareAction.java:42)
	at org.jboss.dependency.plugins.action.SimpleControllerContextAction.simpleInstallAction(SimpleControllerContextAction.java:62)
	at org.jboss.dependency.plugins.action.AccessControllerContextAction.install(AccessControllerContextAction.java:71)
	at org.jboss.dependency.plugins.AbstractControllerContextActions.install(AbstractControllerContextActions.java:51)
	at org.jboss.dependency.plugins.AbstractControllerContext.install(AbstractControllerContext.java:379)
	at org.jboss.dependency.plugins.AbstractController.install(AbstractController.java:2044)
	at org.jboss.dependency.plugins.AbstractController.incrementState(AbstractController.java:1083)
	at org.jboss.dependency.plugins.AbstractController.executeOrIncrementStateDirectly(AbstractController.java:1322)
	at org.jboss.dependency.plugins.AbstractController.resolveContexts(AbstractController.java:1246)
	at org.jboss.dependency.plugins.AbstractController.resolveContexts(AbstractController.java:1139)
	at org.jboss.dependency.plugins.AbstractController.change(AbstractController.java:939)
	at org.jboss.dependency.plugins.AbstractController.change(AbstractController.java:654)
	at org.jboss.profileservice.dependency.ProfileActivationWrapper$BasicProfileActivation.start(ProfileActivationWrapper.java:190)
	at org.jboss.profileservice.dependency.ProfileActivationWrapper.start(ProfileActivationWrapper.java:87)
	at org.jboss.profileservice.dependency.ProfileActivationService.activateProfile(ProfileActivationService.java:215)
	at org.jboss.profileservice.dependency.ProfileActivationService.activate(ProfileActivationService.java:159)
	at org.jboss.profileservice.bootstrap.AbstractProfileServiceBootstrap.activate(AbstractProfileServiceBootstrap.java:112)
	at org.jboss.profileservice.resolver.BasicResolverFactory$ProfileResolverFacade.deploy(BasicResolverFactory.java:87)
	at org.jboss.profileservice.bootstrap.AbstractProfileServiceBootstrap.start(AbstractProfileServiceBootstrap.java:91)
	at org.jboss.system.server.profileservice.bootstrap.BasicProfileServiceBootstrap.start(BasicProfileServiceBootstrap.java:132)
	at org.jboss.system.server.profileservice.bootstrap.BasicProfileServiceBootstrap.start(BasicProfileServiceBootstrap.java:56)
	at org.jboss.bootstrap.impl.base.server.AbstractServer.startBootstraps(AbstractServer.java:827)
	at org.jboss.bootstrap.impl.base.server.AbstractServer$StartServerTask.run(AbstractServer.java:417)
	at java.lang.Thread.run(Thread.java:662)
Caused by: java.lang.NoClassDefFoundError: org/aspectj/lang/annotation/Aspect
	at org.springframework.aop.aspectj.annotation.AbstractAspectJAdvisorFactory.hasAspectAnnotation(AbstractAspectJAdvisorFactory.java:119)
	at org.springframework.aop.aspectj.annotation.AbstractAspectJAdvisorFactory.isAspect(AbstractAspectJAdvisorFactory.java:115)
	at org.springframework.aop.aspectj.annotation.AnnotationAwareAspectJAutoProxyCreator.isInfrastructureClass(AnnotationAwareAspectJAutoProxyCreator.java:100)
	at org.springframework.aop.framework.autoproxy.AbstractAutoProxyCreator.postProcessBeforeInstantiation(AbstractAutoProxyCreator.java:278)
	at org.springframework.beans.factory.support.AbstractAutowireCapableBeanFactory.applyBeanPostProcessorsBeforeInstantiation(AbstractAutowireCapableBeanFactory.java:880)
	at org.springframework.beans.factory.support.AbstractAutowireCapableBeanFactory.resolveBeforeInstantiation(AbstractAutowireCapableBeanFactory.java:852)
	at org.springframework.beans.factory.support.AbstractAutowireCapableBeanFactory.createBean(AbstractAutowireCapableBeanFactory.java:446)
	... 101 more
Caused by: java.lang.ClassNotFoundException: org.aspectj.lang.annotation.Aspect from BaseClassLoader@1a23b006{vfs:///home/martin/jboss-6.1.0.Final/server/default/deploy/qinear-1.0.ear/qinweb.war/}
	at org.jboss.classloader.spi.base.BaseClassLoader.loadClass(BaseClassLoader.java:480)
	at java.lang.ClassLoader.loadClass(ClassLoader.java:247)
	... 108 more
0    ERROR .web.servlet.DispatcherServlet initServletBean -Context initialization failed
org.springframework.beans.factory.BeanCreationException: Error creating bean with name 'sincronizadorTPController': Injection of autowired dependencies failed; nested exception is org.springframework.beans.factory.BeanCreationException: Could not autowire field: private com.qin.manager.colaboracion.SincronizadorTexto com.qin.controller.SincronizadorTPController.sincronizadorTexto; nested exception is org.springframework.beans.factory.NoSuchBeanDefinitionException: No matching bean of type [com.qin.manager.colaboracion.SincronizadorTexto] found for dependency: expected at least 1 bean which qualifies as autowire candidate for this dependency. Dependency annotations: {@org.springframework.beans.factory.annotation.Autowired(required=true)}
	at org.springframework.beans.factory.annotation.AutowiredAnnotationBeanPostProcessor.postProcessPropertyValues(AutowiredAnnotationBeanPostProcessor.java:287)
	at org.springframework.beans.factory.support.AbstractAutowireCapableBeanFactory.populateBean(AbstractAutowireCapableBeanFactory.java:1106)
	at org.springframework.beans.factory.support.AbstractAutowireCapableBeanFactory.doCreateBean(AbstractAutowireCapableBeanFactory.java:517)
	at org.springframework.beans.factory.support.AbstractAutowireCapableBeanFactory.createBean(AbstractAutowireCapableBeanFactory.java:456)
	at org.springframework.beans.factory.support.AbstractBeanFactory$1.getObject(AbstractBeanFactory.java:294)
	at org.springframework.beans.factory.support.DefaultSingletonBeanRegistry.getSingleton(DefaultSingletonBeanRegistry.java:225)
	at org.springframework.beans.factory.support.AbstractBeanFactory.doGetBean(AbstractBeanFactory.java:291)
	at org.springframework.beans.factory.support.AbstractBeanFactory.getBean(AbstractBeanFactory.java:193)
	at org.springframework.beans.factory.support.DefaultListableBeanFactory.preInstantiateSingletons(DefaultListableBeanFactory.java:585)
	at org.springframework.context.support.AbstractApplicationContext.finishBeanFactoryInitialization(AbstractApplicationContext.java:913)
	at org.springframework.context.support.AbstractApplicationContext.refresh(AbstractApplicationContext.java:464)
	at org.springframework.web.servlet.FrameworkServlet.configureAndRefreshWebApplicationContext(FrameworkServlet.java:631)
	at org.springframework.web.servlet.FrameworkServlet.createWebApplicationContext(FrameworkServlet.java:588)
	at org.springframework.web.servlet.FrameworkServlet.createWebApplicationContext(FrameworkServlet.java:645)
	at org.springframework.web.servlet.FrameworkServlet.initWebApplicationContext(FrameworkServlet.java:508)
	at org.springframework.web.servlet.FrameworkServlet.initServletBean(FrameworkServlet.java:449)
	at org.springframework.web.servlet.HttpServletBean.init(HttpServletBean.java:133)
	at javax.servlet.GenericServlet.init(GenericServlet.java:242)
	at org.apache.catalina.core.StandardWrapper.loadServlet(StandardWrapper.java:1208)
	at org.apache.catalina.core.StandardWrapper.load(StandardWrapper.java:1108)
	at org.apache.catalina.core.StandardContext.loadOnStartup(StandardContext.java:3628)
	at org.apache.catalina.core.StandardContext.start(StandardContext.java:3851)
	at org.jboss.web.tomcat.service.deployers.TomcatDeployment.performDeployInternal(TomcatDeployment.java:294)
	at org.jboss.web.tomcat.service.deployers.TomcatDeployment.performDeploy(TomcatDeployment.java:146)
	at org.jboss.web.deployers.AbstractWarDeployment.start(AbstractWarDeployment.java:476)
	at org.jboss.web.deployers.WebModule.startModule(WebModule.java:118)
	at org.jboss.web.deployers.WebModule.start(WebModule.java:95)
	at sun.reflect.NativeMethodAccessorImpl.invoke0(Native Method)
	at sun.reflect.NativeMethodAccessorImpl.invoke(NativeMethodAccessorImpl.java:39)
	at sun.reflect.DelegatingMethodAccessorImpl.invoke(DelegatingMethodAccessorImpl.java:25)
	at java.lang.reflect.Method.invoke(Method.java:597)
	at org.jboss.mx.interceptor.ReflectedDispatcher.invoke(ReflectedDispatcher.java:157)
	at org.jboss.mx.server.Invocation.dispatch(Invocation.java:96)
	at org.jboss.mx.server.Invocation.invoke(Invocation.java:88)
	at org.jboss.mx.server.AbstractMBeanInvoker.invoke(AbstractMBeanInvoker.java:271)
	at org.jboss.mx.server.MBeanServerImpl.invoke(MBeanServerImpl.java:670)
	at org.jboss.system.microcontainer.ServiceProxy.invoke(ServiceProxy.java:206)
	at $Proxy41.start(Unknown Source)
	at org.jboss.system.microcontainer.StartStopLifecycleAction.installAction(StartStopLifecycleAction.java:53)
	at org.jboss.system.microcontainer.StartStopLifecycleAction.installAction(StartStopLifecycleAction.java:41)
	at org.jboss.dependency.plugins.action.SimpleControllerContextAction.simpleInstallAction(SimpleControllerContextAction.java:62)
	at org.jboss.dependency.plugins.action.AccessControllerContextAction.install(AccessControllerContextAction.java:71)
	at org.jboss.dependency.plugins.AbstractControllerContextActions.install(AbstractControllerContextActions.java:51)
	at org.jboss.dependency.plugins.AbstractControllerContext.install(AbstractControllerContext.java:379)
	at org.jboss.system.microcontainer.ServiceControllerContext.install(ServiceControllerContext.java:301)
	at org.jboss.dependency.plugins.AbstractController.install(AbstractController.java:2044)
	at org.jboss.dependency.plugins.AbstractController.incrementState(AbstractController.java:1083)
	at org.jboss.dependency.plugins.AbstractController.executeOrIncrementStateDirectly(AbstractController.java:1322)
	at org.jboss.dependency.plugins.AbstractController.resolveContexts(AbstractController.java:1246)
	at org.jboss.dependency.plugins.AbstractController.resolveContexts(AbstractController.java:1139)
	at org.jboss.dependency.plugins.AbstractController.change(AbstractController.java:939)
	at org.jboss.dependency.plugins.AbstractController.change(AbstractController.java:654)
	at org.jboss.system.ServiceController.doChange(ServiceController.java:671)
	at org.jboss.system.ServiceController.start(ServiceController.java:443)
	at org.jboss.system.deployers.ServiceDeployer.start(ServiceDeployer.java:189)
	at org.jboss.system.deployers.ServiceDeployer.deploy(ServiceDeployer.java:102)
	at org.jboss.system.deployers.ServiceDeployer.deploy(ServiceDeployer.java:49)
	at org.jboss.deployers.spi.deployer.helpers.AbstractSimpleRealDeployer.internalDeploy(AbstractSimpleRealDeployer.java:63)
	at org.jboss.deployers.spi.deployer.helpers.AbstractRealDeployer.deploy(AbstractRealDeployer.java:55)
	at org.jboss.deployers.plugins.deployers.DeployerWrapper.deploy(DeployerWrapper.java:179)
	at org.jboss.deployers.plugins.deployers.DeployersImpl.doDeploy(DeployersImpl.java:1832)
	at org.jboss.deployers.plugins.deployers.DeployersImpl.doInstallParentFirst(DeployersImpl.java:1550)
	at org.jboss.deployers.plugins.deployers.DeployersImpl.doInstallParentFirst(DeployersImpl.java:1571)
	at org.jboss.deployers.plugins.deployers.DeployersImpl.doInstallParentFirst(DeployersImpl.java:1603)
	at org.jboss.deployers.plugins.deployers.DeployersImpl.install(DeployersImpl.java:1491)
	at org.jboss.dependency.plugins.AbstractControllerContext.install(AbstractControllerContext.java:379)
	at org.jboss.dependency.plugins.AbstractController.install(AbstractController.java:2044)
	at org.jboss.dependency.plugins.AbstractController.incrementState(AbstractController.java:1083)
	at org.jboss.dependency.plugins.AbstractController.executeOrIncrementStateDirectly(AbstractController.java:1322)
	at org.jboss.dependency.plugins.AbstractController.resolveContexts(AbstractController.java:1246)
	at org.jboss.dependency.plugins.AbstractController.resolveContexts(AbstractController.java:1139)
	at org.jboss.dependency.plugins.AbstractController.change(AbstractController.java:939)
	at org.jboss.dependency.plugins.AbstractController.change(AbstractController.java:654)
	at org.jboss.deployers.plugins.deployers.DeployersImpl.change(DeployersImpl.java:1983)
	at org.jboss.deployers.plugins.deployers.DeployersImpl.process(DeployersImpl.java:1076)
	at org.jboss.deployers.plugins.main.MainDeployerImpl.process(MainDeployerImpl.java:679)
	at org.jboss.system.server.profileservice.deployers.MainDeployerPlugin.process(MainDeployerPlugin.java:106)
	at org.jboss.profileservice.dependency.ProfileControllerContext$DelegateDeployer.process(ProfileControllerContext.java:143)
	at org.jboss.profileservice.dependency.ProfileDeployAction.deploy(ProfileDeployAction.java:151)
	at org.jboss.profileservice.dependency.ProfileDeployAction.installActionInternal(ProfileDeployAction.java:94)
	at org.jboss.kernel.plugins.dependency.InstallsAwareAction.installAction(InstallsAwareAction.java:54)
	at org.jboss.kernel.plugins.dependency.InstallsAwareAction.installAction(InstallsAwareAction.java:42)
	at org.jboss.dependency.plugins.action.SimpleControllerContextAction.simpleInstallAction(SimpleControllerContextAction.java:62)
	at org.jboss.dependency.plugins.action.AccessControllerContextAction.install(AccessControllerContextAction.java:71)
	at org.jboss.dependency.plugins.AbstractControllerContextActions.install(AbstractControllerContextActions.java:51)
	at org.jboss.dependency.plugins.AbstractControllerContext.install(AbstractControllerContext.java:379)
	at org.jboss.dependency.plugins.AbstractController.install(AbstractController.java:2044)
	at org.jboss.dependency.plugins.AbstractController.incrementState(AbstractController.java:1083)
	at org.jboss.dependency.plugins.AbstractController.executeOrIncrementStateDirectly(AbstractController.java:1322)
	at org.jboss.dependency.plugins.AbstractController.resolveContexts(AbstractController.java:1246)
	at org.jboss.dependency.plugins.AbstractController.resolveContexts(AbstractController.java:1139)
	at org.jboss.dependency.plugins.AbstractController.change(AbstractController.java:939)
	at org.jboss.dependency.plugins.AbstractController.change(AbstractController.java:654)
	at org.jboss.profileservice.dependency.ProfileActivationWrapper$BasicProfileActivation.start(ProfileActivationWrapper.java:190)
	at org.jboss.profileservice.dependency.ProfileActivationWrapper.start(ProfileActivationWrapper.java:87)
	at org.jboss.profileservice.dependency.ProfileActivationService.activateProfile(ProfileActivationService.java:215)
	at org.jboss.profileservice.dependency.ProfileActivationService.activate(ProfileActivationService.java:159)
	at org.jboss.profileservice.bootstrap.AbstractProfileServiceBootstrap.activate(AbstractProfileServiceBootstrap.java:112)
	at org.jboss.profileservice.resolver.BasicResolverFactory$ProfileResolverFacade.deploy(BasicResolverFactory.java:87)
	at org.jboss.profileservice.bootstrap.AbstractProfileServiceBootstrap.start(AbstractProfileServiceBootstrap.java:91)
	at org.jboss.system.server.profileservice.bootstrap.BasicProfileServiceBootstrap.start(BasicProfileServiceBootstrap.java:132)
	at org.jboss.system.server.profileservice.bootstrap.BasicProfileServiceBootstrap.start(BasicProfileServiceBootstrap.java:56)
	at org.jboss.bootstrap.impl.base.server.AbstractServer.startBootstraps(AbstractServer.java:827)
	at org.jboss.bootstrap.impl.base.server.AbstractServer$StartServerTask.run(AbstractServer.java:417)
	at java.lang.Thread.run(Thread.java:662)
Caused by: org.springframework.beans.factory.BeanCreationException: Could not autowire field: private com.qin.manager.colaboracion.SincronizadorTexto com.qin.controller.SincronizadorTPController.sincronizadorTexto; nested exception is org.springframework.beans.factory.NoSuchBeanDefinitionException: No matching bean of type [com.qin.manager.colaboracion.SincronizadorTexto] found for dependency: expected at least 1 bean which qualifies as autowire candidate for this dependency. Dependency annotations: {@org.springframework.beans.factory.annotation.Autowired(required=true)}
	at org.springframework.beans.factory.annotation.AutowiredAnnotationBeanPostProcessor$AutowiredFieldElement.inject(AutowiredAnnotationBeanPostProcessor.java:506)
	at org.springframework.beans.factory.annotation.InjectionMetadata.inject(InjectionMetadata.java:87)
	at org.springframework.beans.factory.annotation.AutowiredAnnotationBeanPostProcessor.postProcessPropertyValues(AutowiredAnnotationBeanPostProcessor.java:284)
	... 104 more
Caused by: org.springframework.beans.factory.NoSuchBeanDefinitionException: No matching bean of type [com.qin.manager.colaboracion.SincronizadorTexto] found for dependency: expected at least 1 bean which qualifies as autowire candidate for this dependency. Dependency annotations: {@org.springframework.beans.factory.annotation.Autowired(required=true)}
	at org.springframework.beans.factory.support.DefaultListableBeanFactory.raiseNoSuchBeanDefinitionException(DefaultListableBeanFactory.java:924)
	at org.springframework.beans.factory.support.DefaultListableBeanFactory.doResolveDependency(DefaultListableBeanFactory.java:793)
	at org.springframework.beans.factory.support.DefaultListableBeanFactory.resolveDependency(DefaultListableBeanFactory.java:707)
	at org.springframework.beans.factory.annotation.AutowiredAnnotationBeanPostProcessor$AutowiredFieldElement.inject(AutowiredAnnotationBeanPostProcessor.java:478)
	... 106 more
0    ERROR .web.servlet.DispatcherServlet initServletBean -Context initialization failed
org.springframework.beans.factory.BeanCreationException: Error creating bean with name 'evaluacionTPController': Injection of autowired dependencies failed; nested exception is org.springframework.beans.factory.BeanCreationException: Could not autowire field: private com.qin.manager.resolucion.ResolucionManager com.qin.controller.EvaluacionTPController.resolucionManager; nested exception is org.springframework.beans.factory.BeanCreationException: Error creating bean with name 'resolucionManagerImpl': Injection of autowired dependencies failed; nested exception is org.springframework.beans.factory.BeanCreationException: Could not autowire field: private com.qin.eao.resolucion.ResolucionEAO com.qin.manager.resolucion.ResolucionManagerImpl.resolucionEAO; nested exception is org.springframework.beans.factory.BeanCreationException: Error creating bean with name 'resolucionEAOImpl': Injection of autowired dependencies failed; nested exception is org.springframework.beans.factory.BeanCreationException: Could not autowire field: protected org.hibernate.SessionFactory com.qin.eao.base.BaseEAOImpl.sessionFactory; nested exception is org.springframework.beans.factory.BeanCreationException: Error creating bean with name 'sessionFactory' defined in ServletContext resource [/WEB-INF/qinweb-servlet.xml]: Invocation of init method failed; nested exception is org.hibernate.HibernateException: could not instantiate RegionFactory [org.hibernate.cache.impl.bridge.RegionFactoryCacheProviderBridge]
	at org.springframework.beans.factory.annotation.AutowiredAnnotationBeanPostProcessor.postProcessPropertyValues(AutowiredAnnotationBeanPostProcessor.java:287)
	at org.springframework.beans.factory.support.AbstractAutowireCapableBeanFactory.populateBean(AbstractAutowireCapableBeanFactory.java:1106)
	at org.springframework.beans.factory.support.AbstractAutowireCapableBeanFactory.doCreateBean(AbstractAutowireCapableBeanFactory.java:517)
	at org.springframework.beans.factory.support.AbstractAutowireCapableBeanFactory.createBean(AbstractAutowireCapableBeanFactory.java:456)
	at org.springframework.beans.factory.support.AbstractBeanFactory$1.getObject(AbstractBeanFactory.java:294)
	at org.springframework.beans.factory.support.DefaultSingletonBeanRegistry.getSingleton(DefaultSingletonBeanRegistry.java:225)
	at org.springframework.beans.factory.support.AbstractBeanFactory.doGetBean(AbstractBeanFactory.java:291)
	at org.springframework.beans.factory.support.AbstractBeanFactory.getBean(AbstractBeanFactory.java:193)
	at org.springframework.beans.factory.support.DefaultListableBeanFactory.preInstantiateSingletons(DefaultListableBeanFactory.java:585)
	at org.springframework.context.support.AbstractApplicationContext.finishBeanFactoryInitialization(AbstractApplicationContext.java:913)
	at org.springframework.context.support.AbstractApplicationContext.refresh(AbstractApplicationContext.java:464)
	at org.springframework.web.servlet.FrameworkServlet.configureAndRefreshWebApplicationContext(FrameworkServlet.java:631)
	at org.springframework.web.servlet.FrameworkServlet.createWebApplicationContext(FrameworkServlet.java:588)
	at org.springframework.web.servlet.FrameworkServlet.createWebApplicationContext(FrameworkServlet.java:645)
	at org.springframework.web.servlet.FrameworkServlet.initWebApplicationContext(FrameworkServlet.java:508)
	at org.springframework.web.servlet.FrameworkServlet.initServletBean(FrameworkServlet.java:449)
	at org.springframework.web.servlet.HttpServletBean.init(HttpServletBean.java:133)
	at javax.servlet.GenericServlet.init(GenericServlet.java:242)
	at org.apache.catalina.core.StandardWrapper.loadServlet(StandardWrapper.java:1208)
	at org.apache.catalina.core.StandardWrapper.load(StandardWrapper.java:1108)
	at org.apache.catalina.core.StandardContext.loadOnStartup(StandardContext.java:3628)
	at org.apache.catalina.core.StandardContext.start(StandardContext.java:3851)
	at org.jboss.web.tomcat.service.deployers.TomcatDeployment.performDeployInternal(TomcatDeployment.java:294)
	at org.jboss.web.tomcat.service.deployers.TomcatDeployment.performDeploy(TomcatDeployment.java:146)
	at org.jboss.web.deployers.AbstractWarDeployment.start(AbstractWarDeployment.java:476)
	at org.jboss.web.deployers.WebModule.startModule(WebModule.java:118)
	at org.jboss.web.deployers.WebModule.start(WebModule.java:95)
	at sun.reflect.NativeMethodAccessorImpl.invoke0(Native Method)
	at sun.reflect.NativeMethodAccessorImpl.invoke(NativeMethodAccessorImpl.java:39)
	at sun.reflect.DelegatingMethodAccessorImpl.invoke(DelegatingMethodAccessorImpl.java:25)
	at java.lang.reflect.Method.invoke(Method.java:597)
	at org.jboss.mx.interceptor.ReflectedDispatcher.invoke(ReflectedDispatcher.java:157)
	at org.jboss.mx.server.Invocation.dispatch(Invocation.java:96)
	at org.jboss.mx.server.Invocation.invoke(Invocation.java:88)
	at org.jboss.mx.server.AbstractMBeanInvoker.invoke(AbstractMBeanInvoker.java:271)
	at org.jboss.mx.server.MBeanServerImpl.invoke(MBeanServerImpl.java:670)
	at org.jboss.system.microcontainer.ServiceProxy.invoke(ServiceProxy.java:206)
	at $Proxy41.start(Unknown Source)
	at org.jboss.system.microcontainer.StartStopLifecycleAction.installAction(StartStopLifecycleAction.java:53)
	at org.jboss.system.microcontainer.StartStopLifecycleAction.installAction(StartStopLifecycleAction.java:41)
	at org.jboss.dependency.plugins.action.SimpleControllerContextAction.simpleInstallAction(SimpleControllerContextAction.java:62)
	at org.jboss.dependency.plugins.action.AccessControllerContextAction.install(AccessControllerContextAction.java:71)
	at org.jboss.dependency.plugins.AbstractControllerContextActions.install(AbstractControllerContextActions.java:51)
	at org.jboss.dependency.plugins.AbstractControllerContext.install(AbstractControllerContext.java:379)
	at org.jboss.system.microcontainer.ServiceControllerContext.install(ServiceControllerContext.java:301)
	at org.jboss.dependency.plugins.AbstractController.install(AbstractController.java:2044)
	at org.jboss.dependency.plugins.AbstractController.incrementState(AbstractController.java:1083)
	at org.jboss.dependency.plugins.AbstractController.executeOrIncrementStateDirectly(AbstractController.java:1322)
	at org.jboss.dependency.plugins.AbstractController.resolveContexts(AbstractController.java:1246)
	at org.jboss.dependency.plugins.AbstractController.resolveContexts(AbstractController.java:1139)
	at org.jboss.dependency.plugins.AbstractController.change(AbstractController.java:939)
	at org.jboss.dependency.plugins.AbstractController.change(AbstractController.java:654)
	at org.jboss.system.ServiceController.doChange(ServiceController.java:671)
	at org.jboss.system.ServiceController.start(ServiceController.java:443)
	at org.jboss.system.deployers.ServiceDeployer.start(ServiceDeployer.java:189)
	at org.jboss.system.deployers.ServiceDeployer.deploy(ServiceDeployer.java:102)
	at org.jboss.system.deployers.ServiceDeployer.deploy(ServiceDeployer.java:49)
	at org.jboss.deployers.spi.deployer.helpers.AbstractSimpleRealDeployer.internalDeploy(AbstractSimpleRealDeployer.java:63)
	at org.jboss.deployers.spi.deployer.helpers.AbstractRealDeployer.deploy(AbstractRealDeployer.java:55)
	at org.jboss.deployers.plugins.deployers.DeployerWrapper.deploy(DeployerWrapper.java:179)
	at org.jboss.deployers.plugins.deployers.DeployersImpl.doDeploy(DeployersImpl.java:1832)
	at org.jboss.deployers.plugins.deployers.DeployersImpl.doInstallParentFirst(DeployersImpl.java:1550)
	at org.jboss.deployers.plugins.deployers.DeployersImpl.doInstallParentFirst(DeployersImpl.java:1571)
	at org.jboss.deployers.plugins.deployers.DeployersImpl.doInstallParentFirst(DeployersImpl.java:1603)
	at org.jboss.deployers.plugins.deployers.DeployersImpl.install(DeployersImpl.java:1491)
	at org.jboss.dependency.plugins.AbstractControllerContext.install(AbstractControllerContext.java:379)
	at org.jboss.dependency.plugins.AbstractController.install(AbstractController.java:2044)
	at org.jboss.dependency.plugins.AbstractController.incrementState(AbstractController.java:1083)
	at org.jboss.dependency.plugins.AbstractController.executeOrIncrementStateDirectly(AbstractController.java:1322)
	at org.jboss.dependency.plugins.AbstractController.resolveContexts(AbstractController.java:1246)
	at org.jboss.dependency.plugins.AbstractController.resolveContexts(AbstractController.java:1139)
	at org.jboss.dependency.plugins.AbstractController.change(AbstractController.java:939)
	at org.jboss.dependency.plugins.AbstractController.change(AbstractController.java:654)
	at org.jboss.deployers.plugins.deployers.DeployersImpl.change(DeployersImpl.java:1983)
	at org.jboss.deployers.plugins.deployers.DeployersImpl.process(DeployersImpl.java:1076)
	at org.jboss.deployers.plugins.main.MainDeployerImpl.process(MainDeployerImpl.java:679)
	at org.jboss.system.server.profileservice.deployers.MainDeployerPlugin.process(MainDeployerPlugin.java:106)
	at org.jboss.profileservice.dependency.ProfileControllerContext$DelegateDeployer.process(ProfileControllerContext.java:143)
	at org.jboss.profileservice.dependency.ProfileDeployAction.deploy(ProfileDeployAction.java:151)
	at org.jboss.profileservice.dependency.ProfileDeployAction.installActionInternal(ProfileDeployAction.java:94)
	at org.jboss.kernel.plugins.dependency.InstallsAwareAction.installAction(InstallsAwareAction.java:54)
	at org.jboss.kernel.plugins.dependency.InstallsAwareAction.installAction(InstallsAwareAction.java:42)
	at org.jboss.dependency.plugins.action.SimpleControllerContextAction.simpleInstallAction(SimpleControllerContextAction.java:62)
	at org.jboss.dependency.plugins.action.AccessControllerContextAction.install(AccessControllerContextAction.java:71)
	at org.jboss.dependency.plugins.AbstractControllerContextActions.install(AbstractControllerContextActions.java:51)
	at org.jboss.dependency.plugins.AbstractControllerContext.install(AbstractControllerContext.java:379)
	at org.jboss.dependency.plugins.AbstractController.install(AbstractController.java:2044)
	at org.jboss.dependency.plugins.AbstractController.incrementState(AbstractController.java:1083)
	at org.jboss.dependency.plugins.AbstractController.executeOrIncrementStateDirectly(AbstractController.java:1322)
	at org.jboss.dependency.plugins.AbstractController.resolveContexts(AbstractController.java:1246)
	at org.jboss.dependency.plugins.AbstractController.resolveContexts(AbstractController.java:1139)
	at org.jboss.dependency.plugins.AbstractController.change(AbstractController.java:939)
	at org.jboss.dependency.plugins.AbstractController.change(AbstractController.java:654)
	at org.jboss.profileservice.dependency.ProfileActivationWrapper$BasicProfileActivation.start(ProfileActivationWrapper.java:190)
	at org.jboss.profileservice.dependency.ProfileActivationWrapper.start(ProfileActivationWrapper.java:87)
	at org.jboss.profileservice.dependency.ProfileActivationService.activateProfile(ProfileActivationService.java:215)
	at org.jboss.profileservice.dependency.ProfileActivationService.activate(ProfileActivationService.java:159)
	at org.jboss.profileservice.bootstrap.AbstractProfileServiceBootstrap.activate(AbstractProfileServiceBootstrap.java:112)
	at org.jboss.profileservice.resolver.BasicResolverFactory$ProfileResolverFacade.deploy(BasicResolverFactory.java:87)
	at org.jboss.profileservice.bootstrap.AbstractProfileServiceBootstrap.start(AbstractProfileServiceBootstrap.java:91)
	at org.jboss.system.server.profileservice.bootstrap.BasicProfileServiceBootstrap.start(BasicProfileServiceBootstrap.java:132)
	at org.jboss.system.server.profileservice.bootstrap.BasicProfileServiceBootstrap.start(BasicProfileServiceBootstrap.java:56)
	at org.jboss.bootstrap.impl.base.server.AbstractServer.startBootstraps(AbstractServer.java:827)
	at org.jboss.bootstrap.impl.base.server.AbstractServer$StartServerTask.run(AbstractServer.java:417)
	at java.lang.Thread.run(Thread.java:662)
Caused by: org.springframework.beans.factory.BeanCreationException: Could not autowire field: private com.qin.manager.resolucion.ResolucionManager com.qin.controller.EvaluacionTPController.resolucionManager; nested exception is org.springframework.beans.factory.BeanCreationException: Error creating bean with name 'resolucionManagerImpl': Injection of autowired dependencies failed; nested exception is org.springframework.beans.factory.BeanCreationException: Could not autowire field: private com.qin.eao.resolucion.ResolucionEAO com.qin.manager.resolucion.ResolucionManagerImpl.resolucionEAO; nested exception is org.springframework.beans.factory.BeanCreationException: Error creating bean with name 'resolucionEAOImpl': Injection of autowired dependencies failed; nested exception is org.springframework.beans.factory.BeanCreationException: Could not autowire field: protected org.hibernate.SessionFactory com.qin.eao.base.BaseEAOImpl.sessionFactory; nested exception is org.springframework.beans.factory.BeanCreationException: Error creating bean with name 'sessionFactory' defined in ServletContext resource [/WEB-INF/qinweb-servlet.xml]: Invocation of init method failed; nested exception is org.hibernate.HibernateException: could not instantiate RegionFactory [org.hibernate.cache.impl.bridge.RegionFactoryCacheProviderBridge]
	at org.springframework.beans.factory.annotation.AutowiredAnnotationBeanPostProcessor$AutowiredFieldElement.inject(AutowiredAnnotationBeanPostProcessor.java:506)
	at org.springframework.beans.factory.annotation.InjectionMetadata.inject(InjectionMetadata.java:87)
	at org.springframework.beans.factory.annotation.AutowiredAnnotationBeanPostProcessor.postProcessPropertyValues(AutowiredAnnotationBeanPostProcessor.java:284)
	... 104 more
Caused by: org.springframework.beans.factory.BeanCreationException: Error creating bean with name 'resolucionManagerImpl': Injection of autowired dependencies failed; nested exception is org.springframework.beans.factory.BeanCreationException: Could not autowire field: private com.qin.eao.resolucion.ResolucionEAO com.qin.manager.resolucion.ResolucionManagerImpl.resolucionEAO; nested exception is org.springframework.beans.factory.BeanCreationException: Error creating bean with name 'resolucionEAOImpl': Injection of autowired dependencies failed; nested exception is org.springframework.beans.factory.BeanCreationException: Could not autowire field: protected org.hibernate.SessionFactory com.qin.eao.base.BaseEAOImpl.sessionFactory; nested exception is org.springframework.beans.factory.BeanCreationException: Error creating bean with name 'sessionFactory' defined in ServletContext resource [/WEB-INF/qinweb-servlet.xml]: Invocation of init method failed; nested exception is org.hibernate.HibernateException: could not instantiate RegionFactory [org.hibernate.cache.impl.bridge.RegionFactoryCacheProviderBridge]
	at org.springframework.beans.factory.annotation.AutowiredAnnotationBeanPostProcessor.postProcessPropertyValues(AutowiredAnnotationBeanPostProcessor.java:287)
	at org.springframework.beans.factory.support.AbstractAutowireCapableBeanFactory.populateBean(AbstractAutowireCapableBeanFactory.java:1106)
	at org.springframework.beans.factory.support.AbstractAutowireCapableBeanFactory.doCreateBean(AbstractAutowireCapableBeanFactory.java:517)
	at org.springframework.beans.factory.support.AbstractAutowireCapableBeanFactory.createBean(AbstractAutowireCapableBeanFactory.java:456)
	at org.springframework.beans.factory.support.AbstractBeanFactory$1.getObject(AbstractBeanFactory.java:294)
	at org.springframework.beans.factory.support.DefaultSingletonBeanRegistry.getSingleton(DefaultSingletonBeanRegistry.java:225)
	at org.springframework.beans.factory.support.AbstractBeanFactory.doGetBean(AbstractBeanFactory.java:291)
	at org.springframework.beans.factory.support.AbstractBeanFactory.getBean(AbstractBeanFactory.java:193)
	at org.springframework.beans.factory.support.DefaultListableBeanFactory.findAutowireCandidates(DefaultListableBeanFactory.java:848)
	at org.springframework.beans.factory.support.DefaultListableBeanFactory.doResolveDependency(DefaultListableBeanFactory.java:790)
	at org.springframework.beans.factory.support.DefaultListableBeanFactory.resolveDependency(DefaultListableBeanFactory.java:707)
	at org.springframework.beans.factory.annotation.AutowiredAnnotationBeanPostProcessor$AutowiredFieldElement.inject(AutowiredAnnotationBeanPostProcessor.java:478)
	... 106 more
Caused by: org.springframework.beans.factory.BeanCreationException: Could not autowire field: private com.qin.eao.resolucion.ResolucionEAO com.qin.manager.resolucion.ResolucionManagerImpl.resolucionEAO; nested exception is org.springframework.beans.factory.BeanCreationException: Error creating bean with name 'resolucionEAOImpl': Injection of autowired dependencies failed; nested exception is org.springframework.beans.factory.BeanCreationException: Could not autowire field: protected org.hibernate.SessionFactory com.qin.eao.base.BaseEAOImpl.sessionFactory; nested exception is org.springframework.beans.factory.BeanCreationException: Error creating bean with name 'sessionFactory' defined in ServletContext resource [/WEB-INF/qinweb-servlet.xml]: Invocation of init method failed; nested exception is org.hibernate.HibernateException: could not instantiate RegionFactory [org.hibernate.cache.impl.bridge.RegionFactoryCacheProviderBridge]
	at org.springframework.beans.factory.annotation.AutowiredAnnotationBeanPostProcessor$AutowiredFieldElement.inject(AutowiredAnnotationBeanPostProcessor.java:506)
	at org.springframework.beans.factory.annotation.InjectionMetadata.inject(InjectionMetadata.java:87)
	at org.springframework.beans.factory.annotation.AutowiredAnnotationBeanPostProcessor.postProcessPropertyValues(AutowiredAnnotationBeanPostProcessor.java:284)
	... 117 more
Caused by: org.springframework.beans.factory.BeanCreationException: Error creating bean with name 'resolucionEAOImpl': Injection of autowired dependencies failed; nested exception is org.springframework.beans.factory.BeanCreationException: Could not autowire field: protected org.hibernate.SessionFactory com.qin.eao.base.BaseEAOImpl.sessionFactory; nested exception is org.springframework.beans.factory.BeanCreationException: Error creating bean with name 'sessionFactory' defined in ServletContext resource [/WEB-INF/qinweb-servlet.xml]: Invocation of init method failed; nested exception is org.hibernate.HibernateException: could not instantiate RegionFactory [org.hibernate.cache.impl.bridge.RegionFactoryCacheProviderBridge]
	at org.springframework.beans.factory.annotation.AutowiredAnnotationBeanPostProcessor.postProcessPropertyValues(AutowiredAnnotationBeanPostProcessor.java:287)
	at org.springframework.beans.factory.support.AbstractAutowireCapableBeanFactory.populateBean(AbstractAutowireCapableBeanFactory.java:1106)
	at org.springframework.beans.factory.support.AbstractAutowireCapableBeanFactory.doCreateBean(AbstractAutowireCapableBeanFactory.java:517)
	at org.springframework.beans.factory.support.AbstractAutowireCapableBeanFactory.createBean(AbstractAutowireCapableBeanFactory.java:456)
	at org.springframework.beans.factory.support.AbstractBeanFactory$1.getObject(AbstractBeanFactory.java:294)
	at org.springframework.beans.factory.support.DefaultSingletonBeanRegistry.getSingleton(DefaultSingletonBeanRegistry.java:225)
	at org.springframework.beans.factory.support.AbstractBeanFactory.doGetBean(AbstractBeanFactory.java:291)
	at org.springframework.beans.factory.support.AbstractBeanFactory.getBean(AbstractBeanFactory.java:193)
	at org.springframework.beans.factory.support.DefaultListableBeanFactory.findAutowireCandidates(DefaultListableBeanFactory.java:848)
	at org.springframework.beans.factory.support.DefaultListableBeanFactory.doResolveDependency(DefaultListableBeanFactory.java:790)
	at org.springframework.beans.factory.support.DefaultListableBeanFactory.resolveDependency(DefaultListableBeanFactory.java:707)
	at org.springframework.beans.factory.annotation.AutowiredAnnotationBeanPostProcessor$AutowiredFieldElement.inject(AutowiredAnnotationBeanPostProcessor.java:478)
	... 119 more
Caused by: org.springframework.beans.factory.BeanCreationException: Could not autowire field: protected org.hibernate.SessionFactory com.qin.eao.base.BaseEAOImpl.sessionFactory; nested exception is org.springframework.beans.factory.BeanCreationException: Error creating bean with name 'sessionFactory' defined in ServletContext resource [/WEB-INF/qinweb-servlet.xml]: Invocation of init method failed; nested exception is org.hibernate.HibernateException: could not instantiate RegionFactory [org.hibernate.cache.impl.bridge.RegionFactoryCacheProviderBridge]
	at org.springframework.beans.factory.annotation.AutowiredAnnotationBeanPostProcessor$AutowiredFieldElement.inject(AutowiredAnnotationBeanPostProcessor.java:506)
	at org.springframework.beans.factory.annotation.InjectionMetadata.inject(InjectionMetadata.java:87)
	at org.springframework.beans.factory.annotation.AutowiredAnnotationBeanPostProcessor.postProcessPropertyValues(AutowiredAnnotationBeanPostProcessor.java:284)
	... 130 more
Caused by: org.springframework.beans.factory.BeanCreationException: Error creating bean with name 'sessionFactory' defined in ServletContext resource [/WEB-INF/qinweb-servlet.xml]: Invocation of init method failed; nested exception is org.hibernate.HibernateException: could not instantiate RegionFactory [org.hibernate.cache.impl.bridge.RegionFactoryCacheProviderBridge]
	at org.springframework.beans.factory.support.AbstractAutowireCapableBeanFactory.initializeBean(AbstractAutowireCapableBeanFactory.java:1455)
	at org.springframework.beans.factory.support.AbstractAutowireCapableBeanFactory.doCreateBean(AbstractAutowireCapableBeanFactory.java:519)
	at org.springframework.beans.factory.support.AbstractAutowireCapableBeanFactory.createBean(AbstractAutowireCapableBeanFactory.java:456)
	at org.springframework.beans.factory.support.AbstractBeanFactory$1.getObject(AbstractBeanFactory.java:294)
	at org.springframework.beans.factory.support.DefaultSingletonBeanRegistry.getSingleton(DefaultSingletonBeanRegistry.java:225)
	at org.springframework.beans.factory.support.AbstractBeanFactory.doGetBean(AbstractBeanFactory.java:291)
	at org.springframework.beans.factory.support.AbstractBeanFactory.getBean(AbstractBeanFactory.java:193)
	at org.springframework.beans.factory.support.DefaultListableBeanFactory.findAutowireCandidates(DefaultListableBeanFactory.java:848)
	at org.springframework.beans.factory.support.DefaultListableBeanFactory.doResolveDependency(DefaultListableBeanFactory.java:790)
	at org.springframework.beans.factory.support.DefaultListableBeanFactory.resolveDependency(DefaultListableBeanFactory.java:707)
	at org.springframework.beans.factory.annotation.AutowiredAnnotationBeanPostProcessor$AutowiredFieldElement.inject(AutowiredAnnotationBeanPostProcessor.java:478)
	... 132 more
Caused by: org.hibernate.HibernateException: could not instantiate RegionFactory [org.hibernate.cache.impl.bridge.RegionFactoryCacheProviderBridge]
	at org.hibernate.cfg.SettingsFactory.createRegionFactory(SettingsFactory.java:423)
	at org.hibernate.cfg.SettingsFactory.buildSettings(SettingsFactory.java:280)
	at org.hibernate.cfg.Configuration.buildSettingsInternal(Configuration.java:2863)
	at org.hibernate.cfg.Configuration.buildSettings(Configuration.java:2859)
	at org.hibernate.cfg.Configuration.buildSessionFactory(Configuration.java:1870)
	at org.springframework.orm.hibernate3.LocalSessionFactoryBean.newSessionFactory(LocalSessionFactoryBean.java:860)
	at org.springframework.orm.hibernate3.LocalSessionFactoryBean.buildSessionFactory(LocalSessionFactoryBean.java:779)
	at org.springframework.orm.hibernate3.AbstractSessionFactoryBean.afterPropertiesSet(AbstractSessionFactoryBean.java:211)
	at org.springframework.beans.factory.support.AbstractAutowireCapableBeanFactory.invokeInitMethods(AbstractAutowireCapableBeanFactory.java:1514)
	at org.springframework.beans.factory.support.AbstractAutowireCapableBeanFactory.initializeBean(AbstractAutowireCapableBeanFactory.java:1452)
	... 142 more
Caused by: java.lang.reflect.InvocationTargetException
	at sun.reflect.NativeConstructorAccessorImpl.newInstance0(Native Method)
	at sun.reflect.NativeConstructorAccessorImpl.newInstance(NativeConstructorAccessorImpl.java:39)
	at sun.reflect.DelegatingConstructorAccessorImpl.newInstance(DelegatingConstructorAccessorImpl.java:27)
	at java.lang.reflect.Constructor.newInstance(Constructor.java:513)
	at org.hibernate.cfg.SettingsFactory.createRegionFactory(SettingsFactory.java:409)
	... 151 more
Caused by: org.hibernate.cache.CacheException: could not instantiate CacheProvider [net.sf.ehcache.hibernate.EhCacheProvider]
	at org.hibernate.cache.impl.bridge.RegionFactoryCacheProviderBridge.<init>(RegionFactoryCacheProviderBridge.java:66)
	... 156 more
Caused by: java.lang.ClassNotFoundException: net.sf.ehcache.hibernate.EhCacheProvider from BaseClassLoader@3b6cdbb8{vfs:///home/martin/jboss-6.1.0.Final/server/default/conf/jboss-service.xml}
	at org.jboss.classloader.spi.base.BaseClassLoader.loadClass(BaseClassLoader.java:480)
	at java.lang.ClassLoader.loadClass(ClassLoader.java:247)
	at java.lang.Class.forName0(Native Method)
	at java.lang.Class.forName(Class.java:169)
	at org.hibernate.util.ReflectHelper.classForName(ReflectHelper.java:192)
	at org.hibernate.cache.impl.bridge.RegionFactoryCacheProviderBridge.<init>(RegionFactoryCacheProviderBridge.java:63)
	... 156 more
0    INFO  roller.ElaboracionTPController altaTP -creando un nuevo TP
7283 INFO  roller.ElaboracionTPController guardarTP -materia 1
