0    ERROR che.tiles.jsp.taglib.RenderTag doEndTag -IO Error executing tag: JSPException including path '/WEB-INF/jsp/layout/menu.jsp'.
org.apache.tiles.util.TilesIOException: JSPException including path '/WEB-INF/jsp/layout/menu.jsp'.
	at org.apache.tiles.servlet.context.ServletUtil.wrapServletException(ServletUtil.java:232)
	at org.apache.tiles.jsp.context.JspTilesRequestContext.include(JspTilesRequestContext.java:105)
	at org.apache.tiles.jsp.context.JspTilesRequestContext.dispatch(JspTilesRequestContext.java:96)
	at org.apache.tiles.renderer.impl.UntypedAttributeRenderer.write(UntypedAttributeRenderer.java:61)
	at org.apache.tiles.renderer.impl.AbstractBaseAttributeRenderer.render(AbstractBaseAttributeRenderer.java:103)
	at org.apache.tiles.impl.BasicTilesContainer.render(BasicTilesContainer.java:669)
	at org.apache.tiles.impl.BasicTilesContainer.render(BasicTilesContainer.java:337)
	at org.apache.tiles.jsp.taglib.InsertAttributeTag.render(InsertAttributeTag.java:234)
	at org.apache.tiles.jsp.taglib.InsertAttributeTag.render(InsertAttributeTag.java:211)
	at org.apache.tiles.jsp.taglib.RenderTag.doEndTag(RenderTag.java:220)
	at org.apache.jsp.WEB_002dINF.jsp.layout.layout_jsp._jspx_meth_tiles_005finsertAttribute_005f2(layout_jsp.java:188)
	at org.apache.jsp.WEB_002dINF.jsp.layout.layout_jsp._jspService(layout_jsp.java:91)
	at org.apache.jasper.runtime.HttpJspBase.service(HttpJspBase.java:70)
	at javax.servlet.http.HttpServlet.service(HttpServlet.java:847)
	at org.apache.jasper.servlet.JspServletWrapper.service(JspServletWrapper.java:369)
	at org.apache.jasper.servlet.JspServlet.serviceJspFile(JspServlet.java:326)
	at org.apache.jasper.servlet.JspServlet.service(JspServlet.java:253)
	at javax.servlet.http.HttpServlet.service(HttpServlet.java:847)
	at org.apache.catalina.core.ApplicationFilterChain.internalDoFilter(ApplicationFilterChain.java:324)
	at org.apache.catalina.core.ApplicationFilterChain.doFilter(ApplicationFilterChain.java:242)
	at org.apache.catalina.core.ApplicationDispatcher.invoke(ApplicationDispatcher.java:734)
	at org.apache.catalina.core.ApplicationDispatcher.processRequest(ApplicationDispatcher.java:541)
	at org.apache.catalina.core.ApplicationDispatcher.doForward(ApplicationDispatcher.java:479)
	at org.apache.catalina.core.ApplicationDispatcher.forward(ApplicationDispatcher.java:407)
	at org.apache.tiles.servlet.context.ServletTilesRequestContext.forward(ServletTilesRequestContext.java:241)
	at org.apache.tiles.servlet.context.ServletTilesRequestContext.dispatch(ServletTilesRequestContext.java:222)
	at org.apache.tiles.renderer.impl.TemplateAttributeRenderer.write(TemplateAttributeRenderer.java:44)
	at org.apache.tiles.renderer.impl.AbstractBaseAttributeRenderer.render(AbstractBaseAttributeRenderer.java:103)
	at org.apache.tiles.impl.BasicTilesContainer.render(BasicTilesContainer.java:669)
	at org.apache.tiles.impl.BasicTilesContainer.render(BasicTilesContainer.java:689)
	at org.apache.tiles.impl.BasicTilesContainer.render(BasicTilesContainer.java:643)
	at org.apache.tiles.impl.BasicTilesContainer.render(BasicTilesContainer.java:626)
	at org.apache.tiles.impl.BasicTilesContainer.render(BasicTilesContainer.java:322)
	at org.springframework.web.servlet.view.tiles2.TilesView.renderMergedOutputModel(TilesView.java:124)
	at org.springframework.web.servlet.view.AbstractView.render(AbstractView.java:262)
	at org.springframework.web.servlet.DispatcherServlet.render(DispatcherServlet.java:1157)
	at org.springframework.web.servlet.DispatcherServlet.doDispatch(DispatcherServlet.java:927)
	at org.springframework.web.servlet.DispatcherServlet.doService(DispatcherServlet.java:827)
	at org.springframework.web.servlet.FrameworkServlet.processRequest(FrameworkServlet.java:882)
	at org.springframework.web.servlet.FrameworkServlet.doGet(FrameworkServlet.java:778)
	at javax.servlet.http.HttpServlet.service(HttpServlet.java:734)
	at javax.servlet.http.HttpServlet.service(HttpServlet.java:847)
	at org.apache.catalina.core.ApplicationFilterChain.internalDoFilter(ApplicationFilterChain.java:324)
	at org.apache.catalina.core.ApplicationFilterChain.doFilter(ApplicationFilterChain.java:242)
	at org.apache.catalina.core.StandardWrapperValve.invoke(StandardWrapperValve.java:275)
	at org.apache.catalina.core.StandardContextValve.invoke(StandardContextValve.java:161)
	at org.jboss.web.tomcat.security.SecurityAssociationValve.invoke(SecurityAssociationValve.java:181)
	at org.jboss.web.tomcat.service.session.ClusteredSessionValve.handleRequest(ClusteredSessionValve.java:135)
	at org.jboss.web.tomcat.service.session.ClusteredSessionValve.invoke(ClusteredSessionValve.java:94)
	at org.jboss.web.tomcat.service.session.JvmRouteValve.invoke(JvmRouteValve.java:88)
	at org.jboss.web.tomcat.service.session.LockingValve.invoke(LockingValve.java:62)
	at org.jboss.modcluster.catalina.CatalinaContext$RequestListenerValve.event(CatalinaContext.java:285)
	at org.jboss.modcluster.catalina.CatalinaContext$RequestListenerValve.invoke(CatalinaContext.java:261)
	at org.jboss.web.tomcat.security.JaccContextValve.invoke(JaccContextValve.java:88)
	at org.jboss.web.tomcat.security.SecurityContextEstablishmentValve.invoke(SecurityContextEstablishmentValve.java:100)
	at org.apache.catalina.core.StandardHostValve.invoke(StandardHostValve.java:159)
	at org.apache.catalina.valves.ErrorReportValve.invoke(ErrorReportValve.java:102)
	at org.jboss.web.tomcat.service.jca.CachedConnectionValve.invoke(CachedConnectionValve.java:158)
	at org.apache.catalina.core.StandardEngineValve.invoke(StandardEngineValve.java:109)
	at org.jboss.web.tomcat.service.request.ActiveRequestResponseCacheValve.invoke(ActiveRequestResponseCacheValve.java:53)
	at org.apache.catalina.connector.CoyoteAdapter.service(CoyoteAdapter.java:362)
	at org.apache.coyote.ajp.AjpProcessor.process(AjpProcessor.java:504)
	at org.apache.coyote.ajp.AjpProtocol$AjpConnectionHandler.process(AjpProtocol.java:437)
	at org.apache.tomcat.util.net.JIoEndpoint$Worker.run(JIoEndpoint.java:951)
	at java.lang.Thread.run(Thread.java:679)
Caused by: java.lang.NullPointerException
	at org.apache.jsp.WEB_002dINF.jsp.layout.menu_jsp._jspService(menu_jsp.java:57)
	at org.apache.jasper.runtime.HttpJspBase.service(HttpJspBase.java:70)
	at javax.servlet.http.HttpServlet.service(HttpServlet.java:847)
	at org.apache.jasper.servlet.JspServletWrapper.service(JspServletWrapper.java:369)
	at org.apache.jasper.servlet.JspServlet.serviceJspFile(JspServlet.java:326)
	at org.apache.jasper.servlet.JspServlet.service(JspServlet.java:253)
	at javax.servlet.http.HttpServlet.service(HttpServlet.java:847)
	at org.apache.catalina.core.ApplicationFilterChain.internalDoFilter(ApplicationFilterChain.java:324)
	at org.apache.catalina.core.ApplicationFilterChain.doFilter(ApplicationFilterChain.java:242)
	at org.apache.catalina.core.ApplicationDispatcher.invoke(ApplicationDispatcher.java:734)
	at org.apache.catalina.core.ApplicationDispatcher.doInclude(ApplicationDispatcher.java:639)
	at org.apache.catalina.core.ApplicationDispatcher.include(ApplicationDispatcher.java:576)
	at org.apache.jasper.runtime.JspRuntimeLibrary.include(JspRuntimeLibrary.java:968)
	at org.apache.jasper.runtime.PageContextImpl.doInclude(PageContextImpl.java:650)
	at org.apache.jasper.runtime.PageContextImpl.include(PageContextImpl.java:644)
	at org.apache.tiles.jsp.context.JspTilesRequestContext.include(JspTilesRequestContext.java:103)
	... 63 more
0    ERROR che.tiles.jsp.taglib.RenderTag doEndTag -IO Error executing tag: JSPException including path '/WEB-INF/jsp/layout/menu.jsp'.
org.apache.tiles.util.TilesIOException: JSPException including path '/WEB-INF/jsp/layout/menu.jsp'.
	at org.apache.tiles.servlet.context.ServletUtil.wrapServletException(ServletUtil.java:232)
	at org.apache.tiles.jsp.context.JspTilesRequestContext.include(JspTilesRequestContext.java:105)
	at org.apache.tiles.jsp.context.JspTilesRequestContext.dispatch(JspTilesRequestContext.java:96)
	at org.apache.tiles.renderer.impl.UntypedAttributeRenderer.write(UntypedAttributeRenderer.java:61)
	at org.apache.tiles.renderer.impl.AbstractBaseAttributeRenderer.render(AbstractBaseAttributeRenderer.java:103)
	at org.apache.tiles.impl.BasicTilesContainer.render(BasicTilesContainer.java:669)
	at org.apache.tiles.impl.BasicTilesContainer.render(BasicTilesContainer.java:337)
	at org.apache.tiles.jsp.taglib.InsertAttributeTag.render(InsertAttributeTag.java:234)
	at org.apache.tiles.jsp.taglib.InsertAttributeTag.render(InsertAttributeTag.java:211)
	at org.apache.tiles.jsp.taglib.RenderTag.doEndTag(RenderTag.java:220)
	at org.apache.jsp.WEB_002dINF.jsp.layout.layout_jsp._jspx_meth_tiles_005finsertAttribute_005f2(layout_jsp.java:188)
	at org.apache.jsp.WEB_002dINF.jsp.layout.layout_jsp._jspService(layout_jsp.java:91)
	at org.apache.jasper.runtime.HttpJspBase.service(HttpJspBase.java:70)
	at javax.servlet.http.HttpServlet.service(HttpServlet.java:847)
	at org.apache.jasper.servlet.JspServletWrapper.service(JspServletWrapper.java:369)
	at org.apache.jasper.servlet.JspServlet.serviceJspFile(JspServlet.java:326)
	at org.apache.jasper.servlet.JspServlet.service(JspServlet.java:253)
	at javax.servlet.http.HttpServlet.service(HttpServlet.java:847)
	at org.apache.catalina.core.ApplicationFilterChain.internalDoFilter(ApplicationFilterChain.java:324)
	at org.apache.catalina.core.ApplicationFilterChain.doFilter(ApplicationFilterChain.java:242)
	at org.apache.catalina.core.ApplicationDispatcher.invoke(ApplicationDispatcher.java:734)
	at org.apache.catalina.core.ApplicationDispatcher.processRequest(ApplicationDispatcher.java:541)
	at org.apache.catalina.core.ApplicationDispatcher.doForward(ApplicationDispatcher.java:479)
	at org.apache.catalina.core.ApplicationDispatcher.forward(ApplicationDispatcher.java:407)
	at org.apache.tiles.servlet.context.ServletTilesRequestContext.forward(ServletTilesRequestContext.java:241)
	at org.apache.tiles.servlet.context.ServletTilesRequestContext.dispatch(ServletTilesRequestContext.java:222)
	at org.apache.tiles.renderer.impl.TemplateAttributeRenderer.write(TemplateAttributeRenderer.java:44)
	at org.apache.tiles.renderer.impl.AbstractBaseAttributeRenderer.render(AbstractBaseAttributeRenderer.java:103)
	at org.apache.tiles.impl.BasicTilesContainer.render(BasicTilesContainer.java:669)
	at org.apache.tiles.impl.BasicTilesContainer.render(BasicTilesContainer.java:689)
	at org.apache.tiles.impl.BasicTilesContainer.render(BasicTilesContainer.java:643)
	at org.apache.tiles.impl.BasicTilesContainer.render(BasicTilesContainer.java:626)
	at org.apache.tiles.impl.BasicTilesContainer.render(BasicTilesContainer.java:322)
	at org.springframework.web.servlet.view.tiles2.TilesView.renderMergedOutputModel(TilesView.java:124)
	at org.springframework.web.servlet.view.AbstractView.render(AbstractView.java:262)
	at org.springframework.web.servlet.DispatcherServlet.render(DispatcherServlet.java:1157)
	at org.springframework.web.servlet.DispatcherServlet.doDispatch(DispatcherServlet.java:927)
	at org.springframework.web.servlet.DispatcherServlet.doService(DispatcherServlet.java:827)
	at org.springframework.web.servlet.FrameworkServlet.processRequest(FrameworkServlet.java:882)
	at org.springframework.web.servlet.FrameworkServlet.doGet(FrameworkServlet.java:778)
	at javax.servlet.http.HttpServlet.service(HttpServlet.java:734)
	at javax.servlet.http.HttpServlet.service(HttpServlet.java:847)
	at org.apache.catalina.core.ApplicationFilterChain.internalDoFilter(ApplicationFilterChain.java:324)
	at org.apache.catalina.core.ApplicationFilterChain.doFilter(ApplicationFilterChain.java:242)
	at org.apache.catalina.core.StandardWrapperValve.invoke(StandardWrapperValve.java:275)
	at org.apache.catalina.core.StandardContextValve.invoke(StandardContextValve.java:161)
	at org.jboss.web.tomcat.security.SecurityAssociationValve.invoke(SecurityAssociationValve.java:181)
	at org.jboss.web.tomcat.service.session.ClusteredSessionValve.handleRequest(ClusteredSessionValve.java:135)
	at org.jboss.web.tomcat.service.session.ClusteredSessionValve.invoke(ClusteredSessionValve.java:94)
	at org.jboss.web.tomcat.service.session.JvmRouteValve.invoke(JvmRouteValve.java:88)
	at org.jboss.web.tomcat.service.session.LockingValve.invoke(LockingValve.java:62)
	at org.jboss.modcluster.catalina.CatalinaContext$RequestListenerValve.event(CatalinaContext.java:285)
	at org.jboss.modcluster.catalina.CatalinaContext$RequestListenerValve.invoke(CatalinaContext.java:261)
	at org.jboss.web.tomcat.security.JaccContextValve.invoke(JaccContextValve.java:88)
	at org.jboss.web.tomcat.security.SecurityContextEstablishmentValve.invoke(SecurityContextEstablishmentValve.java:100)
	at org.apache.catalina.core.StandardHostValve.invoke(StandardHostValve.java:159)
	at org.apache.catalina.valves.ErrorReportValve.invoke(ErrorReportValve.java:102)
	at org.jboss.web.tomcat.service.jca.CachedConnectionValve.invoke(CachedConnectionValve.java:158)
	at org.apache.catalina.core.StandardEngineValve.invoke(StandardEngineValve.java:109)
	at org.jboss.web.tomcat.service.request.ActiveRequestResponseCacheValve.invoke(ActiveRequestResponseCacheValve.java:53)
	at org.apache.catalina.connector.CoyoteAdapter.service(CoyoteAdapter.java:362)
	at org.apache.coyote.http11.Http11Processor.process(Http11Processor.java:877)
	at org.apache.coyote.http11.Http11Protocol$Http11ConnectionHandler.process(Http11Protocol.java:654)
	at org.apache.tomcat.util.net.JIoEndpoint$Worker.run(JIoEndpoint.java:951)
	at java.lang.Thread.run(Thread.java:679)
Caused by: java.lang.NullPointerException
	at org.apache.jsp.WEB_002dINF.jsp.layout.menu_jsp._jspService(menu_jsp.java:57)
	at org.apache.jasper.runtime.HttpJspBase.service(HttpJspBase.java:70)
	at javax.servlet.http.HttpServlet.service(HttpServlet.java:847)
	at org.apache.jasper.servlet.JspServletWrapper.service(JspServletWrapper.java:369)
	at org.apache.jasper.servlet.JspServlet.serviceJspFile(JspServlet.java:326)
	at org.apache.jasper.servlet.JspServlet.service(JspServlet.java:253)
	at javax.servlet.http.HttpServlet.service(HttpServlet.java:847)
	at org.apache.catalina.core.ApplicationFilterChain.internalDoFilter(ApplicationFilterChain.java:324)
	at org.apache.catalina.core.ApplicationFilterChain.doFilter(ApplicationFilterChain.java:242)
	at org.apache.catalina.core.ApplicationDispatcher.invoke(ApplicationDispatcher.java:734)
	at org.apache.catalina.core.ApplicationDispatcher.doInclude(ApplicationDispatcher.java:639)
	at org.apache.catalina.core.ApplicationDispatcher.include(ApplicationDispatcher.java:576)
	at org.apache.jasper.runtime.JspRuntimeLibrary.include(JspRuntimeLibrary.java:968)
	at org.apache.jasper.runtime.PageContextImpl.doInclude(PageContextImpl.java:650)
	at org.apache.jasper.runtime.PageContextImpl.include(PageContextImpl.java:644)
	at org.apache.tiles.jsp.context.JspTilesRequestContext.include(JspTilesRequestContext.java:103)
	... 63 more
1    ERROR che.tiles.jsp.taglib.RenderTag doEndTag -IO Error executing tag: JSPException including path '/WEB-INF/jsp/layout/menu.jsp'.
org.apache.tiles.util.TilesIOException: JSPException including path '/WEB-INF/jsp/layout/menu.jsp'.
	at org.apache.tiles.servlet.context.ServletUtil.wrapServletException(ServletUtil.java:232)
	at org.apache.tiles.jsp.context.JspTilesRequestContext.include(JspTilesRequestContext.java:105)
	at org.apache.tiles.jsp.context.JspTilesRequestContext.dispatch(JspTilesRequestContext.java:96)
	at org.apache.tiles.renderer.impl.UntypedAttributeRenderer.write(UntypedAttributeRenderer.java:61)
	at org.apache.tiles.renderer.impl.AbstractBaseAttributeRenderer.render(AbstractBaseAttributeRenderer.java:103)
	at org.apache.tiles.impl.BasicTilesContainer.render(BasicTilesContainer.java:669)
	at org.apache.tiles.impl.BasicTilesContainer.render(BasicTilesContainer.java:337)
	at org.apache.tiles.jsp.taglib.InsertAttributeTag.render(InsertAttributeTag.java:234)
	at org.apache.tiles.jsp.taglib.InsertAttributeTag.render(InsertAttributeTag.java:211)
	at org.apache.tiles.jsp.taglib.RenderTag.doEndTag(RenderTag.java:220)
	at org.apache.jsp.WEB_002dINF.jsp.layout.layout_jsp._jspx_meth_tiles_005finsertAttribute_005f2(layout_jsp.java:188)
	at org.apache.jsp.WEB_002dINF.jsp.layout.layout_jsp._jspService(layout_jsp.java:91)
	at org.apache.jasper.runtime.HttpJspBase.service(HttpJspBase.java:70)
	at javax.servlet.http.HttpServlet.service(HttpServlet.java:847)
	at org.apache.jasper.servlet.JspServletWrapper.service(JspServletWrapper.java:369)
	at org.apache.jasper.servlet.JspServlet.serviceJspFile(JspServlet.java:326)
	at org.apache.jasper.servlet.JspServlet.service(JspServlet.java:253)
	at javax.servlet.http.HttpServlet.service(HttpServlet.java:847)
	at org.apache.catalina.core.ApplicationFilterChain.internalDoFilter(ApplicationFilterChain.java:324)
	at org.apache.catalina.core.ApplicationFilterChain.doFilter(ApplicationFilterChain.java:242)
	at org.apache.catalina.core.ApplicationDispatcher.invoke(ApplicationDispatcher.java:734)
	at org.apache.catalina.core.ApplicationDispatcher.processRequest(ApplicationDispatcher.java:541)
	at org.apache.catalina.core.ApplicationDispatcher.doForward(ApplicationDispatcher.java:479)
	at org.apache.catalina.core.ApplicationDispatcher.forward(ApplicationDispatcher.java:407)
	at org.apache.tiles.servlet.context.ServletTilesRequestContext.forward(ServletTilesRequestContext.java:241)
	at org.apache.tiles.servlet.context.ServletTilesRequestContext.dispatch(ServletTilesRequestContext.java:222)
	at org.apache.tiles.renderer.impl.TemplateAttributeRenderer.write(TemplateAttributeRenderer.java:44)
	at org.apache.tiles.renderer.impl.AbstractBaseAttributeRenderer.render(AbstractBaseAttributeRenderer.java:103)
	at org.apache.tiles.impl.BasicTilesContainer.render(BasicTilesContainer.java:669)
	at org.apache.tiles.impl.BasicTilesContainer.render(BasicTilesContainer.java:689)
	at org.apache.tiles.impl.BasicTilesContainer.render(BasicTilesContainer.java:643)
	at org.apache.tiles.impl.BasicTilesContainer.render(BasicTilesContainer.java:626)
	at org.apache.tiles.impl.BasicTilesContainer.render(BasicTilesContainer.java:322)
	at org.springframework.web.servlet.view.tiles2.TilesView.renderMergedOutputModel(TilesView.java:124)
	at org.springframework.web.servlet.view.AbstractView.render(AbstractView.java:262)
	at org.springframework.web.servlet.DispatcherServlet.render(DispatcherServlet.java:1157)
	at org.springframework.web.servlet.DispatcherServlet.doDispatch(DispatcherServlet.java:927)
	at org.springframework.web.servlet.DispatcherServlet.doService(DispatcherServlet.java:827)
	at org.springframework.web.servlet.FrameworkServlet.processRequest(FrameworkServlet.java:882)
	at org.springframework.web.servlet.FrameworkServlet.doGet(FrameworkServlet.java:778)
	at javax.servlet.http.HttpServlet.service(HttpServlet.java:734)
	at javax.servlet.http.HttpServlet.service(HttpServlet.java:847)
	at org.apache.catalina.core.ApplicationFilterChain.internalDoFilter(ApplicationFilterChain.java:324)
	at org.apache.catalina.core.ApplicationFilterChain.doFilter(ApplicationFilterChain.java:242)
	at org.apache.catalina.core.StandardWrapperValve.invoke(StandardWrapperValve.java:275)
	at org.apache.catalina.core.StandardContextValve.invoke(StandardContextValve.java:161)
	at org.jboss.web.tomcat.security.SecurityAssociationValve.invoke(SecurityAssociationValve.java:181)
	at org.jboss.web.tomcat.service.session.ClusteredSessionValve.handleRequest(ClusteredSessionValve.java:135)
	at org.jboss.web.tomcat.service.session.ClusteredSessionValve.invoke(ClusteredSessionValve.java:94)
	at org.jboss.web.tomcat.service.session.JvmRouteValve.invoke(JvmRouteValve.java:88)
	at org.jboss.web.tomcat.service.session.LockingValve.invoke(LockingValve.java:62)
	at org.jboss.modcluster.catalina.CatalinaContext$RequestListenerValve.event(CatalinaContext.java:285)
	at org.jboss.modcluster.catalina.CatalinaContext$RequestListenerValve.invoke(CatalinaContext.java:261)
	at org.jboss.web.tomcat.security.JaccContextValve.invoke(JaccContextValve.java:88)
	at org.jboss.web.tomcat.security.SecurityContextEstablishmentValve.invoke(SecurityContextEstablishmentValve.java:100)
	at org.apache.catalina.core.StandardHostValve.invoke(StandardHostValve.java:159)
	at org.apache.catalina.valves.ErrorReportValve.invoke(ErrorReportValve.java:102)
	at org.jboss.web.tomcat.service.jca.CachedConnectionValve.invoke(CachedConnectionValve.java:158)
	at org.apache.catalina.core.StandardEngineValve.invoke(StandardEngineValve.java:109)
	at org.jboss.web.tomcat.service.request.ActiveRequestResponseCacheValve.invoke(ActiveRequestResponseCacheValve.java:53)
	at org.apache.catalina.connector.CoyoteAdapter.service(CoyoteAdapter.java:362)
	at org.apache.coyote.http11.Http11Processor.process(Http11Processor.java:877)
	at org.apache.coyote.http11.Http11Protocol$Http11ConnectionHandler.process(Http11Protocol.java:654)
	at org.apache.tomcat.util.net.JIoEndpoint$Worker.run(JIoEndpoint.java:951)
	at java.lang.Thread.run(Thread.java:679)
Caused by: java.lang.NullPointerException
	at org.apache.jsp.WEB_002dINF.jsp.layout.menu_jsp._jspService(menu_jsp.java:57)
	at org.apache.jasper.runtime.HttpJspBase.service(HttpJspBase.java:70)
	at javax.servlet.http.HttpServlet.service(HttpServlet.java:847)
	at org.apache.jasper.servlet.JspServletWrapper.service(JspServletWrapper.java:369)
	at org.apache.jasper.servlet.JspServlet.serviceJspFile(JspServlet.java:326)
	at org.apache.jasper.servlet.JspServlet.service(JspServlet.java:253)
	at javax.servlet.http.HttpServlet.service(HttpServlet.java:847)
	at org.apache.catalina.core.ApplicationFilterChain.internalDoFilter(ApplicationFilterChain.java:324)
	at org.apache.catalina.core.ApplicationFilterChain.doFilter(ApplicationFilterChain.java:242)
	at org.apache.catalina.core.ApplicationDispatcher.invoke(ApplicationDispatcher.java:734)
	at org.apache.catalina.core.ApplicationDispatcher.doInclude(ApplicationDispatcher.java:639)
	at org.apache.catalina.core.ApplicationDispatcher.include(ApplicationDispatcher.java:576)
	at org.apache.jasper.runtime.JspRuntimeLibrary.include(JspRuntimeLibrary.java:968)
	at org.apache.jasper.runtime.PageContextImpl.doInclude(PageContextImpl.java:650)
	at org.apache.jasper.runtime.PageContextImpl.include(PageContextImpl.java:644)
	at org.apache.tiles.jsp.context.JspTilesRequestContext.include(JspTilesRequestContext.java:103)
	... 63 more
1    ERROR che.tiles.jsp.taglib.RenderTag doEndTag -IO Error executing tag: JSPException including path '/WEB-INF/jsp/layout/menu.jsp'.
org.apache.tiles.util.TilesIOException: JSPException including path '/WEB-INF/jsp/layout/menu.jsp'.
	at org.apache.tiles.servlet.context.ServletUtil.wrapServletException(ServletUtil.java:232)
	at org.apache.tiles.jsp.context.JspTilesRequestContext.include(JspTilesRequestContext.java:105)
	at org.apache.tiles.jsp.context.JspTilesRequestContext.dispatch(JspTilesRequestContext.java:96)
	at org.apache.tiles.renderer.impl.UntypedAttributeRenderer.write(UntypedAttributeRenderer.java:61)
	at org.apache.tiles.renderer.impl.AbstractBaseAttributeRenderer.render(AbstractBaseAttributeRenderer.java:103)
	at org.apache.tiles.impl.BasicTilesContainer.render(BasicTilesContainer.java:669)
	at org.apache.tiles.impl.BasicTilesContainer.render(BasicTilesContainer.java:337)
	at org.apache.tiles.jsp.taglib.InsertAttributeTag.render(InsertAttributeTag.java:234)
	at org.apache.tiles.jsp.taglib.InsertAttributeTag.render(InsertAttributeTag.java:211)
	at org.apache.tiles.jsp.taglib.RenderTag.doEndTag(RenderTag.java:220)
	at org.apache.jsp.WEB_002dINF.jsp.layout.layout_jsp._jspx_meth_tiles_005finsertAttribute_005f2(layout_jsp.java:197)
	at org.apache.jsp.WEB_002dINF.jsp.layout.layout_jsp._jspService(layout_jsp.java:100)
	at org.apache.jasper.runtime.HttpJspBase.service(HttpJspBase.java:70)
	at javax.servlet.http.HttpServlet.service(HttpServlet.java:722)
	at org.apache.jasper.servlet.JspServletWrapper.service(JspServletWrapper.java:432)
	at org.apache.jasper.servlet.JspServlet.serviceJspFile(JspServlet.java:390)
	at org.apache.jasper.servlet.JspServlet.service(JspServlet.java:334)
	at javax.servlet.http.HttpServlet.service(HttpServlet.java:722)
	at org.apache.catalina.core.ApplicationFilterChain.internalDoFilter(ApplicationFilterChain.java:305)
	at org.apache.catalina.core.ApplicationFilterChain.doFilter(ApplicationFilterChain.java:210)
	at org.apache.catalina.core.ApplicationDispatcher.invoke(ApplicationDispatcher.java:684)
	at org.apache.catalina.core.ApplicationDispatcher.processRequest(ApplicationDispatcher.java:471)
	at org.apache.catalina.core.ApplicationDispatcher.doForward(ApplicationDispatcher.java:402)
	at org.apache.catalina.core.ApplicationDispatcher.forward(ApplicationDispatcher.java:329)
	at com.terracotta.session.TerracottaDispatcher.forward(TerracottaDispatcher.java:28)
	at org.apache.tiles.servlet.context.ServletTilesRequestContext.forward(ServletTilesRequestContext.java:241)
	at org.apache.tiles.servlet.context.ServletTilesRequestContext.dispatch(ServletTilesRequestContext.java:222)
	at org.apache.tiles.renderer.impl.TemplateAttributeRenderer.write(TemplateAttributeRenderer.java:44)
	at org.apache.tiles.renderer.impl.AbstractBaseAttributeRenderer.render(AbstractBaseAttributeRenderer.java:103)
	at org.apache.tiles.impl.BasicTilesContainer.render(BasicTilesContainer.java:669)
	at org.apache.tiles.impl.BasicTilesContainer.render(BasicTilesContainer.java:689)
	at org.apache.tiles.impl.BasicTilesContainer.render(BasicTilesContainer.java:643)
	at org.apache.tiles.impl.BasicTilesContainer.render(BasicTilesContainer.java:626)
	at org.apache.tiles.impl.BasicTilesContainer.render(BasicTilesContainer.java:322)
	at org.springframework.web.servlet.view.tiles2.TilesView.renderMergedOutputModel(TilesView.java:124)
	at org.springframework.web.servlet.view.AbstractView.render(AbstractView.java:262)
	at org.springframework.web.servlet.DispatcherServlet.render(DispatcherServlet.java:1157)
	at org.springframework.web.servlet.DispatcherServlet.doDispatch(DispatcherServlet.java:927)
	at org.springframework.web.servlet.DispatcherServlet.doService(DispatcherServlet.java:827)
	at org.springframework.web.servlet.FrameworkServlet.processRequest(FrameworkServlet.java:882)
	at org.springframework.web.servlet.FrameworkServlet.doGet(FrameworkServlet.java:778)
	at javax.servlet.http.HttpServlet.service(HttpServlet.java:621)
	at javax.servlet.http.HttpServlet.service(HttpServlet.java:722)
	at org.apache.catalina.core.ApplicationFilterChain.internalDoFilter(ApplicationFilterChain.java:305)
	at org.apache.catalina.core.ApplicationFilterChain.doFilter(ApplicationFilterChain.java:210)
	at org.apache.catalina.core.StandardWrapperValve.invoke(StandardWrapperValve.java:224)
	at org.apache.catalina.core.StandardContextValve.invoke(StandardContextValve.java:169)
	at org.apache.catalina.authenticator.AuthenticatorBase.invoke(AuthenticatorBase.java:472)
	at org.terracotta.modules.tomcat.tomcat_7_0.SessionValve70.tcInvoke(SessionValve70.java:97)
	at org.terracotta.modules.tomcat.tomcat_7_0.SessionValve70.invoke(SessionValve70.java:82)
	at org.terracotta.session.ModernTomcatSessionValve.invoke(ModernTomcatSessionValve.java:66)
	at org.apache.catalina.core.StandardHostValve.invoke(StandardHostValve.java:168)
	at org.apache.catalina.valves.ErrorReportValve.invoke(ErrorReportValve.java:98)
	at org.apache.catalina.valves.AccessLogValve.invoke(AccessLogValve.java:928)
	at org.apache.catalina.core.StandardEngineValve.invoke(StandardEngineValve.java:118)
	at org.apache.catalina.connector.CoyoteAdapter.service(CoyoteAdapter.java:407)
	at org.apache.coyote.http11.AbstractHttp11Processor.process(AbstractHttp11Processor.java:987)
	at org.apache.coyote.AbstractProtocol$AbstractConnectionHandler.process(AbstractProtocol.java:539)
	at org.apache.tomcat.util.net.JIoEndpoint$SocketProcessor.run(JIoEndpoint.java:298)
	at java.util.concurrent.ThreadPoolExecutor.runWorker(ThreadPoolExecutor.java:1110)
	at java.util.concurrent.ThreadPoolExecutor$Worker.run(ThreadPoolExecutor.java:603)
	at java.lang.Thread.run(Thread.java:679)
Caused by: java.lang.NullPointerException
	at org.apache.jsp.WEB_002dINF.jsp.layout.menu_jsp._jspService(menu_jsp.java:66)
	at org.apache.jasper.runtime.HttpJspBase.service(HttpJspBase.java:70)
	at javax.servlet.http.HttpServlet.service(HttpServlet.java:722)
	at org.apache.jasper.servlet.JspServletWrapper.service(JspServletWrapper.java:432)
	at org.apache.jasper.servlet.JspServlet.serviceJspFile(JspServlet.java:390)
	at org.apache.jasper.servlet.JspServlet.service(JspServlet.java:334)
	at javax.servlet.http.HttpServlet.service(HttpServlet.java:722)
	at org.apache.catalina.core.ApplicationFilterChain.internalDoFilter(ApplicationFilterChain.java:305)
	at org.apache.catalina.core.ApplicationFilterChain.doFilter(ApplicationFilterChain.java:210)
	at org.apache.catalina.core.ApplicationDispatcher.invoke(ApplicationDispatcher.java:684)
	at org.apache.catalina.core.ApplicationDispatcher.doInclude(ApplicationDispatcher.java:593)
	at org.apache.catalina.core.ApplicationDispatcher.include(ApplicationDispatcher.java:530)
	at com.terracotta.session.TerracottaDispatcher.include(TerracottaDispatcher.java:34)
	at org.apache.jasper.runtime.JspRuntimeLibrary.include(JspRuntimeLibrary.java:954)
	at org.apache.jasper.runtime.PageContextImpl.doInclude(PageContextImpl.java:684)
	at org.apache.jasper.runtime.PageContextImpl.include(PageContextImpl.java:678)
	at org.apache.tiles.jsp.context.JspTilesRequestContext.include(JspTilesRequestContext.java:103)
	... 60 more
1    ERROR che.tiles.jsp.taglib.RenderTag doEndTag -IO Error executing tag: JSPException including path '/WEB-INF/jsp/layout/menu.jsp'.
org.apache.tiles.util.TilesIOException: JSPException including path '/WEB-INF/jsp/layout/menu.jsp'.
	at org.apache.tiles.servlet.context.ServletUtil.wrapServletException(ServletUtil.java:232)
	at org.apache.tiles.jsp.context.JspTilesRequestContext.include(JspTilesRequestContext.java:105)
	at org.apache.tiles.jsp.context.JspTilesRequestContext.dispatch(JspTilesRequestContext.java:96)
	at org.apache.tiles.renderer.impl.UntypedAttributeRenderer.write(UntypedAttributeRenderer.java:61)
	at org.apache.tiles.renderer.impl.AbstractBaseAttributeRenderer.render(AbstractBaseAttributeRenderer.java:103)
	at org.apache.tiles.impl.BasicTilesContainer.render(BasicTilesContainer.java:669)
	at org.apache.tiles.impl.BasicTilesContainer.render(BasicTilesContainer.java:337)
	at org.apache.tiles.jsp.taglib.InsertAttributeTag.render(InsertAttributeTag.java:234)
	at org.apache.tiles.jsp.taglib.InsertAttributeTag.render(InsertAttributeTag.java:211)
	at org.apache.tiles.jsp.taglib.RenderTag.doEndTag(RenderTag.java:220)
	at org.apache.jsp.WEB_002dINF.jsp.layout.layout_jsp._jspx_meth_tiles_005finsertAttribute_005f2(layout_jsp.java:197)
	at org.apache.jsp.WEB_002dINF.jsp.layout.layout_jsp._jspService(layout_jsp.java:100)
	at org.apache.jasper.runtime.HttpJspBase.service(HttpJspBase.java:70)
	at javax.servlet.http.HttpServlet.service(HttpServlet.java:722)
	at org.apache.jasper.servlet.JspServletWrapper.service(JspServletWrapper.java:432)
	at org.apache.jasper.servlet.JspServlet.serviceJspFile(JspServlet.java:390)
	at org.apache.jasper.servlet.JspServlet.service(JspServlet.java:334)
	at javax.servlet.http.HttpServlet.service(HttpServlet.java:722)
	at org.apache.catalina.core.ApplicationFilterChain.internalDoFilter(ApplicationFilterChain.java:305)
	at org.apache.catalina.core.ApplicationFilterChain.doFilter(ApplicationFilterChain.java:210)
	at org.apache.catalina.core.ApplicationDispatcher.invoke(ApplicationDispatcher.java:684)
	at org.apache.catalina.core.ApplicationDispatcher.processRequest(ApplicationDispatcher.java:471)
	at org.apache.catalina.core.ApplicationDispatcher.doForward(ApplicationDispatcher.java:402)
	at org.apache.catalina.core.ApplicationDispatcher.forward(ApplicationDispatcher.java:329)
	at com.terracotta.session.TerracottaDispatcher.forward(TerracottaDispatcher.java:28)
	at org.apache.tiles.servlet.context.ServletTilesRequestContext.forward(ServletTilesRequestContext.java:241)
	at org.apache.tiles.servlet.context.ServletTilesRequestContext.dispatch(ServletTilesRequestContext.java:222)
	at org.apache.tiles.renderer.impl.TemplateAttributeRenderer.write(TemplateAttributeRenderer.java:44)
	at org.apache.tiles.renderer.impl.AbstractBaseAttributeRenderer.render(AbstractBaseAttributeRenderer.java:103)
	at org.apache.tiles.impl.BasicTilesContainer.render(BasicTilesContainer.java:669)
	at org.apache.tiles.impl.BasicTilesContainer.render(BasicTilesContainer.java:689)
	at org.apache.tiles.impl.BasicTilesContainer.render(BasicTilesContainer.java:643)
	at org.apache.tiles.impl.BasicTilesContainer.render(BasicTilesContainer.java:626)
	at org.apache.tiles.impl.BasicTilesContainer.render(BasicTilesContainer.java:322)
	at org.springframework.web.servlet.view.tiles2.TilesView.renderMergedOutputModel(TilesView.java:124)
	at org.springframework.web.servlet.view.AbstractView.render(AbstractView.java:262)
	at org.springframework.web.servlet.DispatcherServlet.render(DispatcherServlet.java:1157)
	at org.springframework.web.servlet.DispatcherServlet.doDispatch(DispatcherServlet.java:927)
	at org.springframework.web.servlet.DispatcherServlet.doService(DispatcherServlet.java:827)
	at org.springframework.web.servlet.FrameworkServlet.processRequest(FrameworkServlet.java:882)
	at org.springframework.web.servlet.FrameworkServlet.doGet(FrameworkServlet.java:778)
	at javax.servlet.http.HttpServlet.service(HttpServlet.java:621)
	at javax.servlet.http.HttpServlet.service(HttpServlet.java:722)
	at org.apache.catalina.core.ApplicationFilterChain.internalDoFilter(ApplicationFilterChain.java:305)
	at org.apache.catalina.core.ApplicationFilterChain.doFilter(ApplicationFilterChain.java:210)
	at org.apache.catalina.core.StandardWrapperValve.invoke(StandardWrapperValve.java:224)
	at org.apache.catalina.core.StandardContextValve.invoke(StandardContextValve.java:169)
	at org.apache.catalina.authenticator.AuthenticatorBase.invoke(AuthenticatorBase.java:472)
	at org.terracotta.modules.tomcat.tomcat_7_0.SessionValve70.tcInvoke(SessionValve70.java:97)
	at org.terracotta.modules.tomcat.tomcat_7_0.SessionValve70.invoke(SessionValve70.java:82)
	at org.terracotta.session.ModernTomcatSessionValve.invoke(ModernTomcatSessionValve.java:66)
	at org.apache.catalina.core.StandardHostValve.invoke(StandardHostValve.java:168)
	at org.apache.catalina.valves.ErrorReportValve.invoke(ErrorReportValve.java:98)
	at org.apache.catalina.valves.AccessLogValve.invoke(AccessLogValve.java:928)
	at org.apache.catalina.core.StandardEngineValve.invoke(StandardEngineValve.java:118)
	at org.apache.catalina.connector.CoyoteAdapter.service(CoyoteAdapter.java:407)
	at org.apache.coyote.http11.AbstractHttp11Processor.process(AbstractHttp11Processor.java:987)
	at org.apache.coyote.AbstractProtocol$AbstractConnectionHandler.process(AbstractProtocol.java:539)
	at org.apache.tomcat.util.net.JIoEndpoint$SocketProcessor.run(JIoEndpoint.java:298)
	at java.util.concurrent.ThreadPoolExecutor.runWorker(ThreadPoolExecutor.java:1110)
	at java.util.concurrent.ThreadPoolExecutor$Worker.run(ThreadPoolExecutor.java:603)
	at java.lang.Thread.run(Thread.java:679)
Caused by: java.lang.NullPointerException
	at org.apache.jsp.WEB_002dINF.jsp.layout.menu_jsp._jspService(menu_jsp.java:66)
	at org.apache.jasper.runtime.HttpJspBase.service(HttpJspBase.java:70)
	at javax.servlet.http.HttpServlet.service(HttpServlet.java:722)
	at org.apache.jasper.servlet.JspServletWrapper.service(JspServletWrapper.java:432)
	at org.apache.jasper.servlet.JspServlet.serviceJspFile(JspServlet.java:390)
	at org.apache.jasper.servlet.JspServlet.service(JspServlet.java:334)
	at javax.servlet.http.HttpServlet.service(HttpServlet.java:722)
	at org.apache.catalina.core.ApplicationFilterChain.internalDoFilter(ApplicationFilterChain.java:305)
	at org.apache.catalina.core.ApplicationFilterChain.doFilter(ApplicationFilterChain.java:210)
	at org.apache.catalina.core.ApplicationDispatcher.invoke(ApplicationDispatcher.java:684)
	at org.apache.catalina.core.ApplicationDispatcher.doInclude(ApplicationDispatcher.java:593)
	at org.apache.catalina.core.ApplicationDispatcher.include(ApplicationDispatcher.java:530)
	at com.terracotta.session.TerracottaDispatcher.include(TerracottaDispatcher.java:34)
	at org.apache.jasper.runtime.JspRuntimeLibrary.include(JspRuntimeLibrary.java:954)
	at org.apache.jasper.runtime.PageContextImpl.doInclude(PageContextImpl.java:684)
	at org.apache.jasper.runtime.PageContextImpl.include(PageContextImpl.java:678)
	at org.apache.tiles.jsp.context.JspTilesRequestContext.include(JspTilesRequestContext.java:103)
	... 60 more
1377464 ERROR che.tiles.jsp.taglib.RenderTag doEndTag -IO Error executing tag: JSPException including path '/WEB-INF/jsp/layout/menu.jsp'.
org.apache.tiles.util.TilesIOException: JSPException including path '/WEB-INF/jsp/layout/menu.jsp'.
	at org.apache.tiles.servlet.context.ServletUtil.wrapServletException(ServletUtil.java:232)
	at org.apache.tiles.jsp.context.JspTilesRequestContext.include(JspTilesRequestContext.java:105)
	at org.apache.tiles.jsp.context.JspTilesRequestContext.dispatch(JspTilesRequestContext.java:96)
	at org.apache.tiles.renderer.impl.UntypedAttributeRenderer.write(UntypedAttributeRenderer.java:61)
	at org.apache.tiles.renderer.impl.AbstractBaseAttributeRenderer.render(AbstractBaseAttributeRenderer.java:103)
	at org.apache.tiles.impl.BasicTilesContainer.render(BasicTilesContainer.java:669)
	at org.apache.tiles.impl.BasicTilesContainer.render(BasicTilesContainer.java:337)
	at org.apache.tiles.jsp.taglib.InsertAttributeTag.render(InsertAttributeTag.java:234)
	at org.apache.tiles.jsp.taglib.InsertAttributeTag.render(InsertAttributeTag.java:211)
	at org.apache.tiles.jsp.taglib.RenderTag.doEndTag(RenderTag.java:220)
	at org.apache.jsp.WEB_002dINF.jsp.layout.layout_jsp._jspx_meth_tiles_005finsertAttribute_005f2(layout_jsp.java:197)
	at org.apache.jsp.WEB_002dINF.jsp.layout.layout_jsp._jspService(layout_jsp.java:100)
	at org.apache.jasper.runtime.HttpJspBase.service(HttpJspBase.java:70)
	at javax.servlet.http.HttpServlet.service(HttpServlet.java:722)
	at org.apache.jasper.servlet.JspServletWrapper.service(JspServletWrapper.java:432)
	at org.apache.jasper.servlet.JspServlet.serviceJspFile(JspServlet.java:390)
	at org.apache.jasper.servlet.JspServlet.service(JspServlet.java:334)
	at javax.servlet.http.HttpServlet.service(HttpServlet.java:722)
	at org.apache.catalina.core.ApplicationFilterChain.internalDoFilter(ApplicationFilterChain.java:305)
	at org.apache.catalina.core.ApplicationFilterChain.doFilter(ApplicationFilterChain.java:210)
	at org.apache.catalina.core.ApplicationDispatcher.invoke(ApplicationDispatcher.java:684)
	at org.apache.catalina.core.ApplicationDispatcher.processRequest(ApplicationDispatcher.java:471)
	at org.apache.catalina.core.ApplicationDispatcher.doForward(ApplicationDispatcher.java:402)
	at org.apache.catalina.core.ApplicationDispatcher.forward(ApplicationDispatcher.java:329)
	at com.terracotta.session.TerracottaDispatcher.forward(TerracottaDispatcher.java:28)
	at org.apache.tiles.servlet.context.ServletTilesRequestContext.forward(ServletTilesRequestContext.java:241)
	at org.apache.tiles.servlet.context.ServletTilesRequestContext.dispatch(ServletTilesRequestContext.java:222)
	at org.apache.tiles.renderer.impl.TemplateAttributeRenderer.write(TemplateAttributeRenderer.java:44)
	at org.apache.tiles.renderer.impl.AbstractBaseAttributeRenderer.render(AbstractBaseAttributeRenderer.java:103)
	at org.apache.tiles.impl.BasicTilesContainer.render(BasicTilesContainer.java:669)
	at org.apache.tiles.impl.BasicTilesContainer.render(BasicTilesContainer.java:689)
	at org.apache.tiles.impl.BasicTilesContainer.render(BasicTilesContainer.java:643)
	at org.apache.tiles.impl.BasicTilesContainer.render(BasicTilesContainer.java:626)
	at org.apache.tiles.impl.BasicTilesContainer.render(BasicTilesContainer.java:322)
	at org.springframework.web.servlet.view.tiles2.TilesView.renderMergedOutputModel(TilesView.java:124)
	at org.springframework.web.servlet.view.AbstractView.render(AbstractView.java:262)
	at org.springframework.web.servlet.DispatcherServlet.render(DispatcherServlet.java:1157)
	at org.springframework.web.servlet.DispatcherServlet.doDispatch(DispatcherServlet.java:927)
	at org.springframework.web.servlet.DispatcherServlet.doService(DispatcherServlet.java:827)
	at org.springframework.web.servlet.FrameworkServlet.processRequest(FrameworkServlet.java:882)
	at org.springframework.web.servlet.FrameworkServlet.doGet(FrameworkServlet.java:778)
	at javax.servlet.http.HttpServlet.service(HttpServlet.java:621)
	at javax.servlet.http.HttpServlet.service(HttpServlet.java:722)
	at org.apache.catalina.core.ApplicationFilterChain.internalDoFilter(ApplicationFilterChain.java:305)
	at org.apache.catalina.core.ApplicationFilterChain.doFilter(ApplicationFilterChain.java:210)
	at org.apache.catalina.core.StandardWrapperValve.invoke(StandardWrapperValve.java:224)
	at org.apache.catalina.core.StandardContextValve.invoke(StandardContextValve.java:169)
	at org.apache.catalina.authenticator.AuthenticatorBase.invoke(AuthenticatorBase.java:472)
	at org.terracotta.modules.tomcat.tomcat_7_0.SessionValve70.tcInvoke(SessionValve70.java:97)
	at org.terracotta.modules.tomcat.tomcat_7_0.SessionValve70.invoke(SessionValve70.java:82)
	at org.terracotta.session.ModernTomcatSessionValve.invoke(ModernTomcatSessionValve.java:66)
	at org.apache.catalina.core.StandardHostValve.invoke(StandardHostValve.java:168)
	at org.apache.catalina.valves.ErrorReportValve.invoke(ErrorReportValve.java:98)
	at org.apache.catalina.valves.AccessLogValve.invoke(AccessLogValve.java:928)
	at org.apache.catalina.core.StandardEngineValve.invoke(StandardEngineValve.java:118)
	at org.apache.catalina.connector.CoyoteAdapter.service(CoyoteAdapter.java:407)
	at org.apache.coyote.http11.AbstractHttp11Processor.process(AbstractHttp11Processor.java:987)
	at org.apache.coyote.AbstractProtocol$AbstractConnectionHandler.process(AbstractProtocol.java:539)
	at org.apache.tomcat.util.net.JIoEndpoint$SocketProcessor.run(JIoEndpoint.java:298)
	at java.util.concurrent.ThreadPoolExecutor.runWorker(ThreadPoolExecutor.java:1110)
	at java.util.concurrent.ThreadPoolExecutor$Worker.run(ThreadPoolExecutor.java:603)
	at java.lang.Thread.run(Thread.java:679)
Caused by: java.lang.NullPointerException
	at org.apache.jsp.WEB_002dINF.jsp.layout.menu_jsp._jspService(menu_jsp.java:66)
	at org.apache.jasper.runtime.HttpJspBase.service(HttpJspBase.java:70)
	at javax.servlet.http.HttpServlet.service(HttpServlet.java:722)
	at org.apache.jasper.servlet.JspServletWrapper.service(JspServletWrapper.java:432)
	at org.apache.jasper.servlet.JspServlet.serviceJspFile(JspServlet.java:390)
	at org.apache.jasper.servlet.JspServlet.service(JspServlet.java:334)
	at javax.servlet.http.HttpServlet.service(HttpServlet.java:722)
	at org.apache.catalina.core.ApplicationFilterChain.internalDoFilter(ApplicationFilterChain.java:305)
	at org.apache.catalina.core.ApplicationFilterChain.doFilter(ApplicationFilterChain.java:210)
	at org.apache.catalina.core.ApplicationDispatcher.invoke(ApplicationDispatcher.java:684)
	at org.apache.catalina.core.ApplicationDispatcher.doInclude(ApplicationDispatcher.java:593)
	at org.apache.catalina.core.ApplicationDispatcher.include(ApplicationDispatcher.java:530)
	at com.terracotta.session.TerracottaDispatcher.include(TerracottaDispatcher.java:34)
	at org.apache.jasper.runtime.JspRuntimeLibrary.include(JspRuntimeLibrary.java:954)
	at org.apache.jasper.runtime.PageContextImpl.doInclude(PageContextImpl.java:684)
	at org.apache.jasper.runtime.PageContextImpl.include(PageContextImpl.java:678)
	at org.apache.tiles.jsp.context.JspTilesRequestContext.include(JspTilesRequestContext.java:103)
	... 60 more
1    ERROR che.tiles.jsp.taglib.RenderTag doEndTag -IO Error executing tag: JSPException including path '/WEB-INF/jsp/layout/menu.jsp'.
org.apache.tiles.util.TilesIOException: JSPException including path '/WEB-INF/jsp/layout/menu.jsp'.
	at org.apache.tiles.servlet.context.ServletUtil.wrapServletException(ServletUtil.java:232)
	at org.apache.tiles.jsp.context.JspTilesRequestContext.include(JspTilesRequestContext.java:105)
	at org.apache.tiles.jsp.context.JspTilesRequestContext.dispatch(JspTilesRequestContext.java:96)
	at org.apache.tiles.renderer.impl.UntypedAttributeRenderer.write(UntypedAttributeRenderer.java:61)
	at org.apache.tiles.renderer.impl.AbstractBaseAttributeRenderer.render(AbstractBaseAttributeRenderer.java:103)
	at org.apache.tiles.impl.BasicTilesContainer.render(BasicTilesContainer.java:669)
	at org.apache.tiles.impl.BasicTilesContainer.render(BasicTilesContainer.java:337)
	at org.apache.tiles.jsp.taglib.InsertAttributeTag.render(InsertAttributeTag.java:234)
	at org.apache.tiles.jsp.taglib.InsertAttributeTag.render(InsertAttributeTag.java:211)
	at org.apache.tiles.jsp.taglib.RenderTag.doEndTag(RenderTag.java:220)
	at org.apache.jsp.WEB_002dINF.jsp.layout.layout_jsp._jspx_meth_tiles_005finsertAttribute_005f2(layout_jsp.java:197)
	at org.apache.jsp.WEB_002dINF.jsp.layout.layout_jsp._jspService(layout_jsp.java:100)
	at org.apache.jasper.runtime.HttpJspBase.service(HttpJspBase.java:70)
	at javax.servlet.http.HttpServlet.service(HttpServlet.java:722)
	at org.apache.jasper.servlet.JspServletWrapper.service(JspServletWrapper.java:432)
	at org.apache.jasper.servlet.JspServlet.serviceJspFile(JspServlet.java:390)
	at org.apache.jasper.servlet.JspServlet.service(JspServlet.java:334)
	at javax.servlet.http.HttpServlet.service(HttpServlet.java:722)
	at org.apache.catalina.core.ApplicationFilterChain.internalDoFilter(ApplicationFilterChain.java:305)
	at org.apache.catalina.core.ApplicationFilterChain.doFilter(ApplicationFilterChain.java:210)
	at org.apache.catalina.core.ApplicationDispatcher.invoke(ApplicationDispatcher.java:684)
	at org.apache.catalina.core.ApplicationDispatcher.processRequest(ApplicationDispatcher.java:471)
	at org.apache.catalina.core.ApplicationDispatcher.doForward(ApplicationDispatcher.java:402)
	at org.apache.catalina.core.ApplicationDispatcher.forward(ApplicationDispatcher.java:329)
	at com.terracotta.session.TerracottaDispatcher.forward(TerracottaDispatcher.java:28)
	at org.apache.tiles.servlet.context.ServletTilesRequestContext.forward(ServletTilesRequestContext.java:241)
	at org.apache.tiles.servlet.context.ServletTilesRequestContext.dispatch(ServletTilesRequestContext.java:222)
	at org.apache.tiles.renderer.impl.TemplateAttributeRenderer.write(TemplateAttributeRenderer.java:44)
	at org.apache.tiles.renderer.impl.AbstractBaseAttributeRenderer.render(AbstractBaseAttributeRenderer.java:103)
	at org.apache.tiles.impl.BasicTilesContainer.render(BasicTilesContainer.java:669)
	at org.apache.tiles.impl.BasicTilesContainer.render(BasicTilesContainer.java:689)
	at org.apache.tiles.impl.BasicTilesContainer.render(BasicTilesContainer.java:643)
	at org.apache.tiles.impl.BasicTilesContainer.render(BasicTilesContainer.java:626)
	at org.apache.tiles.impl.BasicTilesContainer.render(BasicTilesContainer.java:322)
	at org.springframework.web.servlet.view.tiles2.TilesView.renderMergedOutputModel(TilesView.java:124)
	at org.springframework.web.servlet.view.AbstractView.render(AbstractView.java:262)
	at org.springframework.web.servlet.DispatcherServlet.render(DispatcherServlet.java:1157)
	at org.springframework.web.servlet.DispatcherServlet.doDispatch(DispatcherServlet.java:927)
	at org.springframework.web.servlet.DispatcherServlet.doService(DispatcherServlet.java:827)
	at org.springframework.web.servlet.FrameworkServlet.processRequest(FrameworkServlet.java:882)
	at org.springframework.web.servlet.FrameworkServlet.doGet(FrameworkServlet.java:778)
	at javax.servlet.http.HttpServlet.service(HttpServlet.java:621)
	at javax.servlet.http.HttpServlet.service(HttpServlet.java:722)
	at org.apache.catalina.core.ApplicationFilterChain.internalDoFilter(ApplicationFilterChain.java:305)
	at org.apache.catalina.core.ApplicationFilterChain.doFilter(ApplicationFilterChain.java:210)
	at org.apache.catalina.core.StandardWrapperValve.invoke(StandardWrapperValve.java:224)
	at org.apache.catalina.core.StandardContextValve.invoke(StandardContextValve.java:169)
	at org.apache.catalina.authenticator.AuthenticatorBase.invoke(AuthenticatorBase.java:472)
	at org.terracotta.modules.tomcat.tomcat_7_0.SessionValve70.tcInvoke(SessionValve70.java:97)
	at org.terracotta.modules.tomcat.tomcat_7_0.SessionValve70.invoke(SessionValve70.java:82)
	at org.terracotta.session.ModernTomcatSessionValve.invoke(ModernTomcatSessionValve.java:66)
	at org.apache.catalina.core.StandardHostValve.invoke(StandardHostValve.java:168)
	at org.apache.catalina.valves.ErrorReportValve.invoke(ErrorReportValve.java:98)
	at org.apache.catalina.valves.AccessLogValve.invoke(AccessLogValve.java:928)
	at org.apache.catalina.core.StandardEngineValve.invoke(StandardEngineValve.java:118)
	at org.apache.catalina.connector.CoyoteAdapter.service(CoyoteAdapter.java:407)
	at org.apache.coyote.ajp.AjpProcessor.process(AjpProcessor.java:200)
	at org.apache.coyote.AbstractProtocol$AbstractConnectionHandler.process(AbstractProtocol.java:539)
	at org.apache.tomcat.util.net.JIoEndpoint$SocketProcessor.run(JIoEndpoint.java:298)
	at java.util.concurrent.ThreadPoolExecutor.runWorker(ThreadPoolExecutor.java:1110)
	at java.util.concurrent.ThreadPoolExecutor$Worker.run(ThreadPoolExecutor.java:603)
	at java.lang.Thread.run(Thread.java:679)
Caused by: java.lang.NullPointerException
	at org.apache.jsp.WEB_002dINF.jsp.layout.menu_jsp._jspService(menu_jsp.java:66)
	at org.apache.jasper.runtime.HttpJspBase.service(HttpJspBase.java:70)
	at javax.servlet.http.HttpServlet.service(HttpServlet.java:722)
	at org.apache.jasper.servlet.JspServletWrapper.service(JspServletWrapper.java:432)
	at org.apache.jasper.servlet.JspServlet.serviceJspFile(JspServlet.java:390)
	at org.apache.jasper.servlet.JspServlet.service(JspServlet.java:334)
	at javax.servlet.http.HttpServlet.service(HttpServlet.java:722)
	at org.apache.catalina.core.ApplicationFilterChain.internalDoFilter(ApplicationFilterChain.java:305)
	at org.apache.catalina.core.ApplicationFilterChain.doFilter(ApplicationFilterChain.java:210)
	at org.apache.catalina.core.ApplicationDispatcher.invoke(ApplicationDispatcher.java:684)
	at org.apache.catalina.core.ApplicationDispatcher.doInclude(ApplicationDispatcher.java:593)
	at org.apache.catalina.core.ApplicationDispatcher.include(ApplicationDispatcher.java:530)
	at com.terracotta.session.TerracottaDispatcher.include(TerracottaDispatcher.java:34)
	at org.apache.jasper.runtime.JspRuntimeLibrary.include(JspRuntimeLibrary.java:954)
	at org.apache.jasper.runtime.PageContextImpl.doInclude(PageContextImpl.java:684)
	at org.apache.jasper.runtime.PageContextImpl.include(PageContextImpl.java:678)
	at org.apache.tiles.jsp.context.JspTilesRequestContext.include(JspTilesRequestContext.java:103)
	... 60 more
5    ERROR che.tiles.jsp.taglib.RenderTag doEndTag -IO Error executing tag: JSPException including path '/WEB-INF/jsp/layout/menu.jsp'.
org.apache.tiles.util.TilesIOException: JSPException including path '/WEB-INF/jsp/layout/menu.jsp'.
	at org.apache.tiles.servlet.context.ServletUtil.wrapServletException(ServletUtil.java:232)
	at org.apache.tiles.jsp.context.JspTilesRequestContext.include(JspTilesRequestContext.java:105)
	at org.apache.tiles.jsp.context.JspTilesRequestContext.dispatch(JspTilesRequestContext.java:96)
	at org.apache.tiles.renderer.impl.UntypedAttributeRenderer.write(UntypedAttributeRenderer.java:61)
	at org.apache.tiles.renderer.impl.AbstractBaseAttributeRenderer.render(AbstractBaseAttributeRenderer.java:103)
	at org.apache.tiles.impl.BasicTilesContainer.render(BasicTilesContainer.java:669)
	at org.apache.tiles.impl.BasicTilesContainer.render(BasicTilesContainer.java:337)
	at org.apache.tiles.jsp.taglib.InsertAttributeTag.render(InsertAttributeTag.java:234)
	at org.apache.tiles.jsp.taglib.InsertAttributeTag.render(InsertAttributeTag.java:211)
	at org.apache.tiles.jsp.taglib.RenderTag.doEndTag(RenderTag.java:220)
	at org.apache.jsp.WEB_002dINF.jsp.layout.layout_jsp._jspx_meth_tiles_005finsertAttribute_005f2(layout_jsp.java:197)
	at org.apache.jsp.WEB_002dINF.jsp.layout.layout_jsp._jspService(layout_jsp.java:100)
	at org.apache.jasper.runtime.HttpJspBase.service(HttpJspBase.java:70)
	at javax.servlet.http.HttpServlet.service(HttpServlet.java:722)
	at org.apache.jasper.servlet.JspServletWrapper.service(JspServletWrapper.java:432)
	at org.apache.jasper.servlet.JspServlet.serviceJspFile(JspServlet.java:390)
	at org.apache.jasper.servlet.JspServlet.service(JspServlet.java:334)
	at javax.servlet.http.HttpServlet.service(HttpServlet.java:722)
	at org.apache.catalina.core.ApplicationFilterChain.internalDoFilter(ApplicationFilterChain.java:305)
	at org.apache.catalina.core.ApplicationFilterChain.doFilter(ApplicationFilterChain.java:210)
	at org.apache.catalina.core.ApplicationDispatcher.invoke(ApplicationDispatcher.java:684)
	at org.apache.catalina.core.ApplicationDispatcher.processRequest(ApplicationDispatcher.java:471)
	at org.apache.catalina.core.ApplicationDispatcher.doForward(ApplicationDispatcher.java:402)
	at org.apache.catalina.core.ApplicationDispatcher.forward(ApplicationDispatcher.java:329)
	at com.terracotta.session.TerracottaDispatcher.forward(TerracottaDispatcher.java:28)
	at org.apache.tiles.servlet.context.ServletTilesRequestContext.forward(ServletTilesRequestContext.java:241)
	at org.apache.tiles.servlet.context.ServletTilesRequestContext.dispatch(ServletTilesRequestContext.java:222)
	at org.apache.tiles.renderer.impl.TemplateAttributeRenderer.write(TemplateAttributeRenderer.java:44)
	at org.apache.tiles.renderer.impl.AbstractBaseAttributeRenderer.render(AbstractBaseAttributeRenderer.java:103)
	at org.apache.tiles.impl.BasicTilesContainer.render(BasicTilesContainer.java:669)
	at org.apache.tiles.impl.BasicTilesContainer.render(BasicTilesContainer.java:689)
	at org.apache.tiles.impl.BasicTilesContainer.render(BasicTilesContainer.java:643)
	at org.apache.tiles.impl.BasicTilesContainer.render(BasicTilesContainer.java:626)
	at org.apache.tiles.impl.BasicTilesContainer.render(BasicTilesContainer.java:322)
	at org.springframework.web.servlet.view.tiles2.TilesView.renderMergedOutputModel(TilesView.java:124)
	at org.springframework.web.servlet.view.AbstractView.render(AbstractView.java:262)
	at org.springframework.web.servlet.DispatcherServlet.render(DispatcherServlet.java:1157)
	at org.springframework.web.servlet.DispatcherServlet.doDispatch(DispatcherServlet.java:927)
	at org.springframework.web.servlet.DispatcherServlet.doService(DispatcherServlet.java:827)
	at org.springframework.web.servlet.FrameworkServlet.processRequest(FrameworkServlet.java:882)
	at org.springframework.web.servlet.FrameworkServlet.doGet(FrameworkServlet.java:778)
	at javax.servlet.http.HttpServlet.service(HttpServlet.java:621)
	at javax.servlet.http.HttpServlet.service(HttpServlet.java:722)
	at org.apache.catalina.core.ApplicationFilterChain.internalDoFilter(ApplicationFilterChain.java:305)
	at org.apache.catalina.core.ApplicationFilterChain.doFilter(ApplicationFilterChain.java:210)
	at org.apache.catalina.core.StandardWrapperValve.invoke(StandardWrapperValve.java:224)
	at org.apache.catalina.core.StandardContextValve.invoke(StandardContextValve.java:169)
	at org.apache.catalina.authenticator.AuthenticatorBase.invoke(AuthenticatorBase.java:472)
	at org.terracotta.modules.tomcat.tomcat_7_0.SessionValve70.tcInvoke(SessionValve70.java:97)
	at org.terracotta.modules.tomcat.tomcat_7_0.SessionValve70.invoke(SessionValve70.java:82)
	at org.terracotta.session.ModernTomcatSessionValve.invoke(ModernTomcatSessionValve.java:66)
	at org.apache.catalina.core.StandardHostValve.invoke(StandardHostValve.java:168)
	at org.apache.catalina.valves.ErrorReportValve.invoke(ErrorReportValve.java:98)
	at org.apache.catalina.valves.AccessLogValve.invoke(AccessLogValve.java:928)
	at org.apache.catalina.core.StandardEngineValve.invoke(StandardEngineValve.java:118)
	at org.apache.catalina.connector.CoyoteAdapter.service(CoyoteAdapter.java:407)
	at org.apache.coyote.http11.AbstractHttp11Processor.process(AbstractHttp11Processor.java:987)
	at org.apache.coyote.AbstractProtocol$AbstractConnectionHandler.process(AbstractProtocol.java:539)
	at org.apache.tomcat.util.net.JIoEndpoint$SocketProcessor.run(JIoEndpoint.java:298)
	at java.util.concurrent.ThreadPoolExecutor.runWorker(ThreadPoolExecutor.java:1110)
	at java.util.concurrent.ThreadPoolExecutor$Worker.run(ThreadPoolExecutor.java:603)
	at java.lang.Thread.run(Thread.java:679)
Caused by: java.lang.NullPointerException
	at org.apache.jsp.WEB_002dINF.jsp.layout.menu_jsp._jspService(menu_jsp.java:66)
	at org.apache.jasper.runtime.HttpJspBase.service(HttpJspBase.java:70)
	at javax.servlet.http.HttpServlet.service(HttpServlet.java:722)
	at org.apache.jasper.servlet.JspServletWrapper.service(JspServletWrapper.java:432)
	at org.apache.jasper.servlet.JspServlet.serviceJspFile(JspServlet.java:390)
	at org.apache.jasper.servlet.JspServlet.service(JspServlet.java:334)
	at javax.servlet.http.HttpServlet.service(HttpServlet.java:722)
	at org.apache.catalina.core.ApplicationFilterChain.internalDoFilter(ApplicationFilterChain.java:305)
	at org.apache.catalina.core.ApplicationFilterChain.doFilter(ApplicationFilterChain.java:210)
	at org.apache.catalina.core.ApplicationDispatcher.invoke(ApplicationDispatcher.java:684)
	at org.apache.catalina.core.ApplicationDispatcher.doInclude(ApplicationDispatcher.java:593)
	at org.apache.catalina.core.ApplicationDispatcher.include(ApplicationDispatcher.java:530)
	at com.terracotta.session.TerracottaDispatcher.include(TerracottaDispatcher.java:34)
	at org.apache.jasper.runtime.JspRuntimeLibrary.include(JspRuntimeLibrary.java:954)
	at org.apache.jasper.runtime.PageContextImpl.doInclude(PageContextImpl.java:684)
	at org.apache.jasper.runtime.PageContextImpl.include(PageContextImpl.java:678)
	at org.apache.tiles.jsp.context.JspTilesRequestContext.include(JspTilesRequestContext.java:103)
	... 60 more
